#
# A fatal error has been detected by the Java Runtime Environment:
#
#  EXCEPTION_ACCESS_VIOLATION (0xc0000005) at pc=0x00000000739cafb2, pid=7284, tid=4620
#
# JRE version: Java(TM) SE Runtime Environment (8.0_20-b26) (build 1.8.0_20-b26)
# Java VM: Java HotSpot(TM) 64-Bit Server VM (25.20-b23 mixed mode windows-amd64 compressed oops)
# Problematic frame:
# V  [jvm.dll+0x3dafb2]
#
# Failed to write core dump. Minidumps are not enabled by default on client versions of Windows
#
# If you would like to submit a bug report, please visit:
#   http://bugreport.sun.com/bugreport/crash.jsp
#

---------------  T H R E A D  ---------------

Current thread (0x0000000002e47000):  GCTaskThread [stack: 0x0000000012660000,0x0000000012760000] [id=4620]

siginfo: ExceptionCode=0xc0000005, reading address 0xffffffffffffffff

Registers:
RAX=0x00001ffffffff800, RBX=0x00009fffffffd800, RCX=0x0000000073dcb4e0, RDX=0x0000000080001b03
RSP=0x000000001275f360, RBP=0x0000000073dcb4e0, RSI=0x0000000002ab0000, RDI=0x0000000080001b03
R8 =0x0442448884889211, R9 =0x00000000065ce5c3, R10=0x0000000000197398, R11=0x00000000065ce600
R12=0x0000000073dcb460, R13=0x000000000000065c, R14=0x00000000f2e80000, R15=0x000000001275f468
RIP=0x00000000739cafb2, EFLAGS=0x0000000000010a06

Top of Stack: (sp=0x000000001275f360)
0x000000001275f360:   000000000000e498 0000000073dcb4e0
0x000000001275f370:   0000000002ab0000 00000000736e9456
0x000000001275f380:   0000000073dcb460 0000000073717c08
0x000000001275f390:   00000000c297ba94 00000000065d0000
0x000000001275f3a0:   0000000000000051 00000000c297bbd8
0x000000001275f3b0:   0000000000000051 00000000739cc0d9
0x000000001275f3c0:   000000001275f468 00000000065ce44a
0x000000001275f3d0:   00000000065ce3f9 00000000739cabbb
0x000000001275f3e0:   00000000065d0000 00000000739c1c0d
0x000000001275f3f0:   00000000065ce3fa 00000000739cd3be
0x000000001275f400:   0000000000000002 00000000739cbf0f
0x000000001275f410:   00000000f38fdfa0 00000000f2e80000
0x000000001275f420:   000000000000065c 0000000000000002
0x000000001275f430:   0000000002ab0000 00000000739cd684
0x000000001275f440:   000000000000019a 000000001275f4a8
0x000000001275f450:   0000000000000052 000000001275f4a8 

Instructions: (pc=0x00000000739cafb2)
0x00000000739caf92:   24 20 41 54 48 83 ec 20 48 8b 71 18 48 8b c2 48
0x00000000739cafa2:   8b fa 48 2b 01 48 8b e9 48 c1 e8 13 48 8d 1c 80
0x00000000739cafb2:   44 8b 44 de 1c 8b 44 de 18 4c 8b 24 de 41 81 e0
0x00000000739cafc2:   ff ff ff 07 4c 03 c0 49 81 f8 00 00 01 00 75 09 


Register to memory mapping:

RAX=0x00001ffffffff800 is an unknown value
RBX=0x00009fffffffd800 is an unknown value
RCX=0x0000000073dcb4e0 is an unknown value
RDX=0x0000000080001b03 is an unknown value
RSP=0x000000001275f360 is an unknown value
RBP=0x0000000073dcb4e0 is an unknown value
RSI=0x0000000002ab0000 is an unknown value
RDI=0x0000000080001b03 is an unknown value
R8 =0x0442448884889211 is an unknown value
R9 =0x00000000065ce5c3 is an unknown value
R10=0x0000000000197398 is an unknown value
R11=0x00000000065ce600 is an unknown value
R12=0x0000000073dcb460 is an unknown value
R13=0x000000000000065c is an unknown value
R14=0x00000000f2e80000 is an oop

[error occurred during error reporting (printing register info), id 0xc0000005]

Stack: [0x0000000012660000,0x0000000012760000],  sp=0x000000001275f360,  free space=1020k
Native frames: (J=compiled Java code, j=interpreted, Vv=VM code, C=native code)
V  [jvm.dll+0x3dafb2]
V  [jvm.dll+0x127c08]
V  [jvm.dll+0x3dc0d9]
V  [jvm.dll+0x3d1c0d]
V  [jvm.dll+0x3dd684]
V  [jvm.dll+0x3d2add]
V  [jvm.dll+0x3d017e]
V  [jvm.dll+0x283f5a]
C  [msvcr100.dll+0x21d9f]
C  [msvcr100.dll+0x21e3b]
C  [KERNEL32.DLL+0x18102]
C  [ntdll.dll+0x5c5b4]


---------------  P R O C E S S  ---------------

Java Threads: ( => current thread )
  0x00000000170ae800 JavaThread "pool-2-thread-4" [_thread_blocked, id=5204, stack(0x0000000017860000,0x0000000017960000)]
  0x00000000170ae000 JavaThread "pool-2-thread-3" [_thread_blocked, id=7532, stack(0x0000000017760000,0x0000000017860000)]
  0x0000000017076000 JavaThread "pool-2-thread-2" [_thread_blocked, id=6812, stack(0x0000000017660000,0x0000000017760000)]
  0x0000000016f93800 JavaThread "pool-3-thread-1" [_thread_blocked, id=7556, stack(0x0000000017560000,0x0000000017660000)]
  0x0000000016f92800 JavaThread "pool-2-thread-1" [_thread_blocked, id=3680, stack(0x0000000017460000,0x0000000017560000)]
  0x000000001565e800 JavaThread "Service Thread" daemon [_thread_blocked, id=7828, stack(0x0000000017260000,0x0000000017360000)]
  0x0000000015648000 JavaThread "C1 CompilerThread2" daemon [_thread_blocked, id=5520, stack(0x0000000016d60000,0x0000000016e60000)]
  0x00000000155ff000 JavaThread "C2 CompilerThread1" daemon [_thread_blocked, id=5920, stack(0x0000000016c60000,0x0000000016d60000)]
  0x00000000155fc000 JavaThread "C2 CompilerThread0" daemon [_thread_blocked, id=8164, stack(0x0000000016b60000,0x0000000016c60000)]
  0x00000000155fa800 JavaThread "Attach Listener" daemon [_thread_blocked, id=7176, stack(0x0000000016a60000,0x0000000016b60000)]
  0x00000000155f9000 JavaThread "Signal Dispatcher" daemon [_thread_blocked, id=7220, stack(0x0000000016960000,0x0000000016a60000)]
  0x0000000002f20800 JavaThread "Finalizer" daemon [_thread_blocked, id=5572, stack(0x0000000016860000,0x0000000016960000)]
  0x0000000002f1d000 JavaThread "Reference Handler" daemon [_thread_blocked, id=3856, stack(0x0000000016760000,0x0000000016860000)]
  0x0000000002b7e000 JavaThread "main" [_thread_blocked, id=1420, stack(0x0000000002c30000,0x0000000002d30000)]

Other Threads:
  0x00000000155c6800 VMThread [stack: 0x0000000016660000,0x0000000016760000] [id=3184]
  0x0000000016e6b000 WatcherThread [stack: 0x0000000017360000,0x0000000017460000] [id=7100]

=>0x0000000002e47000 (exited) GCTaskThread [stack: 0x0000000012660000,0x0000000012760000] [id=4620]

VM state:at safepoint (normal execution)

VM Mutex/Monitor currently owned by a thread:  ([mutex/lock_event])
[0x0000000002b7d480] Threads_lock - owner thread: 0x00000000155c6800
[0x0000000002b7d300] Heap_lock - owner thread: 0x00000000170ae000

Heap:
 PSYoungGen      total 145408K, used 20983K [0x00000000eab00000, 0x00000000fa680000, 0x0000000100000000)
  eden space 124416K, 0% used [0x00000000eab00000,0x00000000eab00000,0x00000000f2480000)
  from space 20992K, 99% used [0x00000000f2480000,0x00000000f38fdfa0,0x00000000f3900000)
  to   space 29184K, 0% used [0x00000000f8a00000,0x00000000f8a00000,0x00000000fa680000)
 ParOldGen       total 47616K, used 46368K [0x00000000c0000000, 0x00000000c2e80000, 0x00000000eab00000)
  object space 47616K, 97% used [0x00000000c0000000,0x00000000c2d48340,0x00000000c2e80000)
 Metaspace       used 6145K, capacity 7152K, committed 7296K, reserved 1056768K
  class space    used 587K, capacity 616K, committed 640K, reserved 1048576K

Card table byte_map: [0x00000000122f0000,0x0000000012500000] byte_map_base: 0x0000000011cf0000

Marking Bits: (ParMarkBitMap*) 0x0000000073dcb460
 Begin Bits: [0x0000000012a60000, 0x0000000013a60000)
 End Bits:   [0x0000000013a60000, 0x0000000014a60000)

Polling page: 0x0000000001340000

CodeCache: size=245760Kb used=8466Kb max_used=8469Kb free=237293Kb
 bounds [0x0000000002f30000, 0x0000000003780000, 0x0000000011f30000]
 total_blobs=2124 nmethods=1858 adapters=178
 compilation: enabled

Compilation events (10 events):
Event: 17.208 Thread 0x0000000015648000 2051       3       java.util.TreeMap::put (247 bytes)
Event: 17.212 Thread 0x0000000015648000 nmethod 2051 0x000000000376fe50 code [0x00000000037700c0, 0x0000000003771278]
Event: 17.220 Thread 0x0000000015648000 2052 %     3       com.android.dx.rop.type.Prototype::makeParameterArray @ 32 (131 bytes)
Event: 17.224 Thread 0x0000000015648000 nmethod 2052% 0x0000000003771990 code [0x0000000003771ba0, 0x0000000003772798]
Event: 17.224 Thread 0x0000000015648000 2053  s    2       com.android.dx.dex.file.StringIdsSection::intern (53 bytes)
Event: 17.226 Thread 0x0000000015648000 nmethod 2053 0x0000000003772cd0 code [0x0000000003772e80, 0x0000000003773398]
Event: 17.252 Thread 0x00000000155fc000 nmethod 2031% 0x0000000003778210 code [0x0000000003778480, 0x000000000377a390]
Event: 17.253 Thread 0x00000000155fc000 2040 %     4       com.android.dx.ssa.SsaMethod::mapRegisters @ 36 (87 bytes)
Event: 17.266 Thread 0x0000000015648000 2054       2       com.android.dx.dex.file.DexFile::internIfAppropriate (128 bytes)
Event: 17.268 Thread 0x0000000015648000 nmethod 2054 0x0000000003777610 code [0x0000000003777800, 0x0000000003777e98]

GC Heap History (10 events):
Event: 7.156 GC heap after
Heap after GC invocations=5 (full 0):
 PSYoungGen      total 35328K, used 2528K [0x00000000eab00000, 0x00000000f0000000, 0x0000000100000000)
  eden space 32768K, 0% used [0x00000000eab00000,0x00000000eab00000,0x00000000ecb00000)
  from space 2560K, 98% used [0x00000000ecb00000,0x00000000ecd78020,0x00000000ecd80000)
  to   space 10752K, 0% used [0x00000000ef580000,0x00000000ef580000,0x00000000f0000000)
 ParOldGen       total 44032K, used 22085K [0x00000000c0000000, 0x00000000c2b00000, 0x00000000eab00000)
  object space 44032K, 50% used [0x00000000c0000000,0x00000000c1591680,0x00000000c2b00000)
 Metaspace       used 5834K, capacity 6800K, committed 7040K, reserved 1056768K
  class space    used 571K, capacity 584K, committed 640K, reserved 1048576K
}
Event: 7.984 GC heap before
{Heap before GC invocations=6 (full 0):
 PSYoungGen      total 35328K, used 35296K [0x00000000eab00000, 0x00000000f0000000, 0x0000000100000000)
  eden space 32768K, 100% used [0x00000000eab00000,0x00000000ecb00000,0x00000000ecb00000)
  from space 2560K, 98% used [0x00000000ecb00000,0x00000000ecd78020,0x00000000ecd80000)
  to   space 10752K, 0% used [0x00000000ef580000,0x00000000ef580000,0x00000000f0000000)
 ParOldGen       total 44032K, used 22085K [0x00000000c0000000, 0x00000000c2b00000, 0x00000000eab00000)
  object space 44032K, 50% used [0x00000000c0000000,0x00000000c1591680,0x00000000c2b00000)
 Metaspace       used 5848K, capacity 6864K, committed 7040K, reserved 1056768K
  class space    used 571K, capacity 584K, committed 640K, reserved 1048576K
Event: 8.152 GC heap after
Heap after GC invocations=6 (full 0):
 PSYoungGen      total 75264K, used 9232K [0x00000000eab00000, 0x00000000f0200000, 0x0000000100000000)
  eden space 64512K, 0% used [0x00000000eab00000,0x00000000eab00000,0x00000000eea00000)
  from space 10752K, 85% used [0x00000000ef580000,0x00000000efe84010,0x00000000f0000000)
  to   space 11776K, 0% used [0x00000000eea00000,0x00000000eea00000,0x00000000ef580000)
 ParOldGen       total 44032K, used 22085K [0x00000000c0000000, 0x00000000c2b00000, 0x00000000eab00000)
  object space 44032K, 50% used [0x00000000c0000000,0x00000000c1591680,0x00000000c2b00000)
 Metaspace       used 5848K, capacity 6864K, committed 7040K, reserved 1056768K
  class space    used 571K, capacity 584K, committed 640K, reserved 1048576K
}
Event: 11.440 GC heap before
{Heap before GC invocations=7 (full 0):
 PSYoungGen      total 75264K, used 73744K [0x00000000eab00000, 0x00000000f0200000, 0x0000000100000000)
  eden space 64512K, 100% used [0x00000000eab00000,0x00000000eea00000,0x00000000eea00000)
  from space 10752K, 85% used [0x00000000ef580000,0x00000000efe84010,0x00000000f0000000)
  to   space 11776K, 0% used [0x00000000eea00000,0x00000000eea00000,0x00000000ef580000)
 ParOldGen       total 44032K, used 22085K [0x00000000c0000000, 0x00000000c2b00000, 0x00000000eab00000)
  object space 44032K, 50% used [0x00000000c0000000,0x00000000c1591680,0x00000000c2b00000)
 Metaspace       used 5992K, capacity 7024K, committed 7296K, reserved 1056768K
  class space    used 587K, capacity 616K, committed 640K, reserved 1048576K
Event: 11.812 GC heap after
Heap after GC invocations=7 (full 0):
 PSYoungGen      total 76288K, used 11744K [0x00000000eab00000, 0x00000000f4900000, 0x0000000100000000)
  eden space 64512K, 0% used [0x00000000eab00000,0x00000000eab00000,0x00000000eea00000)
  from space 11776K, 99% used [0x00000000eea00000,0x00000000ef578010,0x00000000ef580000)
  to   space 16384K, 0% used [0x00000000f3900000,0x00000000f3900000,0x00000000f4900000)
 ParOldGen       total 44032K, used 28638K [0x00000000c0000000, 0x00000000c2b00000, 0x00000000eab00000)
  object space 44032K, 65% used [0x00000000c0000000,0x00000000c1bf7a20,0x00000000c2b00000)
 Metaspace       used 5992K, capacity 7024K, committed 7296K, reserved 1056768K
  class space    used 587K, capacity 616K, committed 640K, reserved 1048576K
}
Event: 14.338 GC heap before
{Heap before GC invocations=8 (full 0):
 PSYoungGen      total 76288K, used 76256K [0x00000000eab00000, 0x00000000f4900000, 0x0000000100000000)
  eden space 64512K, 100% used [0x00000000eab00000,0x00000000eea00000,0x00000000eea00000)
  from space 11776K, 99% used [0x00000000eea00000,0x00000000ef578010,0x00000000ef580000)
  to   space 16384K, 0% used [0x00000000f3900000,0x00000000f3900000,0x00000000f4900000)
 ParOldGen       total 44032K, used 28638K [0x00000000c0000000, 0x00000000c2b00000, 0x00000000eab00000)
  object space 44032K, 65% used [0x00000000c0000000,0x00000000c1bf7a20,0x00000000c2b00000)
 Metaspace       used 6056K, capacity 7024K, committed 7296K, reserved 1056768K
  class space    used 587K, capacity 616K, committed 640K, reserved 1048576K
Event: 14.547 GC heap after
Heap after GC invocations=8 (full 0):
 PSYoungGen      total 140800K, used 16352K [0x00000000eab00000, 0x00000000f5200000, 0x0000000100000000)
  eden space 124416K, 0% used [0x00000000eab00000,0x00000000eab00000,0x00000000f2480000)
  from space 16384K, 99% used [0x00000000f3900000,0x00000000f48f8010,0x00000000f4900000)
  to   space 20992K, 0% used [0x00000000f2480000,0x00000000f2480000,0x00000000f3900000)
 ParOldGen       total 44032K, used 33510K [0x00000000c0000000, 0x00000000c2b00000, 0x00000000eab00000)
  object space 44032K, 76% used [0x00000000c0000000,0x00000000c20b9b18,0x00000000c2b00000)
 Metaspace       used 6056K, capacity 7024K, committed 7296K, reserved 1056768K
  class space    used 587K, capacity 616K, committed 640K, reserved 1048576K
}
Event: 17.289 GC heap before
{Heap before GC invocations=9 (full 0):
 PSYoungGen      total 140800K, used 140768K [0x00000000eab00000, 0x00000000f5200000, 0x0000000100000000)
  eden space 124416K, 100% used [0x00000000eab00000,0x00000000f2480000,0x00000000f2480000)
  from space 16384K, 99% used [0x00000000f3900000,0x00000000f48f8010,0x00000000f4900000)
  to   space 20992K, 0% used [0x00000000f2480000,0x00000000f2480000,0x00000000f3900000)
 ParOldGen       total 44032K, used 33510K [0x00000000c0000000, 0x00000000c2b00000, 0x00000000eab00000)
  object space 44032K, 76% used [0x00000000c0000000,0x00000000c20b9b18,0x00000000c2b00000)
 Metaspace       used 6145K, capacity 7152K, committed 7296K, reserved 1056768K
  class space    used 587K, capacity 616K, committed 640K, reserved 1048576K
Event: 17.526 GC heap after
Heap after GC invocations=9 (full 0):
 PSYoungGen      total 145408K, used 20983K [0x00000000eab00000, 0x00000000fa680000, 0x0000000100000000)
  eden space 124416K, 0% used [0x00000000eab00000,0x00000000eab00000,0x00000000f2480000)
  from space 20992K, 99% used [0x00000000f2480000,0x00000000f38fdfa0,0x00000000f3900000)
  to   space 29184K, 0% used [0x00000000f8a00000,0x00000000f8a00000,0x00000000fa680000)
 ParOldGen       total 47616K, used 46368K [0x00000000c0000000, 0x00000000c2e80000, 0x00000000eab00000)
  object space 47616K, 97% used [0x00000000c0000000,0x00000000c2d48340,0x00000000c2e80000)
 Metaspace       used 6145K, capacity 7152K, committed 7296K, reserved 1056768K
  class space    used 587K, capacity 616K, committed 640K, reserved 1048576K
}
Event: 17.526 GC heap before
{Heap before GC invocations=10 (full 1):
 PSYoungGen      total 145408K, used 20983K [0x00000000eab00000, 0x00000000fa680000, 0x0000000100000000)
  eden space 124416K, 0% used [0x00000000eab00000,0x00000000eab00000,0x00000000f2480000)
  from space 20992K, 99% used [0x00000000f2480000,0x00000000f38fdfa0,0x00000000f3900000)
  to   space 29184K, 0% used [0x00000000f8a00000,0x00000000f8a00000,0x00000000fa680000)
 ParOldGen       total 47616K, used 46368K [0x00000000c0000000, 0x00000000c2e80000, 0x00000000eab00000)
  object space 47616K, 97% used [0x00000000c0000000,0x00000000c2d48340,0x00000000c2e80000)
 Metaspace       used 6145K, capacity 7152K, committed 7296K, reserved 1056768K
  class space    used 587K, capacity 616K, committed 640K, reserved 1048576K

Deoptimization events (10 events):
Event: 11.956 Thread 0x00000000170ae000 Uncommon trap: reason=class_check action=maybe_recompile pc=0x0000000003440600 method=com.android.dx.ssa.SCCP.setLatticeValueTo(IILcom/android/dx/rop/cst/Constant;)Z @ 43
Event: 11.946 Thread 0x0000000016f92800 Uncommon trap: reason=bimorphic action=maybe_recompile pc=0x000000000337ad08 method=com.android.dx.rop.code.InsnList.contentEquals(Lcom/android/dx/rop/code/InsnList;)Z @ 38
Event: 12.241 Thread 0x0000000016f92800 Uncommon trap: reason=class_check action=maybe_recompile pc=0x000000000360b47c method=com.android.dx.cf.code.RopperMachine.run(Lcom/android/dx/cf/code/Frame;II)V @ 978
Event: 12.577 Thread 0x0000000016f92800 Uncommon trap: reason=unreached action=reinterpret pc=0x000000000360b090 method=com.android.dx.cf.code.RopperMachine.run(Lcom/android/dx/cf/code/Frame;II)V @ 1500
Event: 13.945 Thread 0x0000000016f92800 Uncommon trap: reason=class_check action=maybe_recompile pc=0x00000000036c0fcc method=com.android.dx.ssa.SCCP.simulatePhi(Lcom/android/dx/ssa/PhiInsn;)V @ 124
Event: 13.945 Thread 0x0000000016f92800 Uncommon trap: reason=class_check action=maybe_recompile pc=0x00000000036c0fcc method=com.android.dx.ssa.SCCP.simulatePhi(Lcom/android/dx/ssa/PhiInsn;)V @ 124
Event: 13.945 Thread 0x0000000016f92800 Uncommon trap: reason=class_check action=maybe_recompile pc=0x00000000036c0fcc method=com.android.dx.ssa.SCCP.simulatePhi(Lcom/android/dx/ssa/PhiInsn;)V @ 124
Event: 13.945 Thread 0x0000000016f92800 Uncommon trap: reason=class_check action=maybe_recompile pc=0x00000000036c0fcc method=com.android.dx.ssa.SCCP.simulatePhi(Lcom/android/dx/ssa/PhiInsn;)V @ 124
Event: 15.681 Thread 0x0000000017076000 Uncommon trap: reason=bimorphic action=maybe_recompile pc=0x00000000033952d0 method=com.android.dx.rop.code.InsnList.contentEquals(Lcom/android/dx/rop/code/InsnList;)Z @ 38
Event: 16.805 Thread 0x0000000002b7e000 Uncommon trap: reason=bimorphic action=maybe_recompile pc=0x00000000037121ec method=com.android.dx.ssa.LiteralOpUpgrader.tryReplacingWithConstant(Lcom/android/dx/ssa/NormalSsaInsn;)Z @ 52

Internal exceptions (10 events):
Event: 9.507 Thread 0x0000000002b7e000 Exception <a 'java/security/PrivilegedActionException'> (0x00000000ecad1b80) thrown at [D:\re\workspace\8-2-build-windows-amd64-cygwin\jdk8u20\1074\hotspot\src\share\vm\prims\jvm.cpp, line 1275]
Event: 9.508 Thread 0x0000000002b7e000 Exception <a 'java/security/PrivilegedActionException'> (0x00000000ecad4f98) thrown at [D:\re\workspace\8-2-build-windows-amd64-cygwin\jdk8u20\1074\hotspot\src\share\vm\prims\jvm.cpp, line 1275]
Event: 9.545 Thread 0x0000000002b7e000 Exception <a 'java/security/PrivilegedActionException'> (0x00000000ecade2b8) thrown at [D:\re\workspace\8-2-build-windows-amd64-cygwin\jdk8u20\1074\hotspot\src\share\vm\prims\jvm.cpp, line 1275]
Event: 9.567 Thread 0x0000000002b7e000 Exception <a 'java/security/PrivilegedActionException'> (0x00000000ecffc7c8) thrown at [D:\re\workspace\8-2-build-windows-amd64-cygwin\jdk8u20\1074\hotspot\src\share\vm\prims\jvm.cpp, line 1275]
Event: 9.953 Thread 0x0000000002b7e000 Exception <a 'java/security/PrivilegedActionException'> (0x00000000ed0cbd50) thrown at [D:\re\workspace\8-2-build-windows-amd64-cygwin\jdk8u20\1074\hotspot\src\share\vm\prims\jvm.cpp, line 1275]
Event: 9.955 Thread 0x0000000002b7e000 Exception <a 'java/security/PrivilegedActionException'> (0x00000000ed0d1dd0) thrown at [D:\re\workspace\8-2-build-windows-amd64-cygwin\jdk8u20\1074\hotspot\src\share\vm\prims\jvm.cpp, line 1275]
Event: 9.988 Thread 0x0000000002b7e000 Exception <a 'java/security/PrivilegedActionException'> (0x00000000ed56e2b0) thrown at [D:\re\workspace\8-2-build-windows-amd64-cygwin\jdk8u20\1074\hotspot\src\share\vm\prims\jvm.cpp, line 1275]
Event: 10.002 Thread 0x0000000002b7e000 Exception <a 'java/security/PrivilegedActionException'> (0x00000000ed5c76c0) thrown at [D:\re\workspace\8-2-build-windows-amd64-cygwin\jdk8u20\1074\hotspot\src\share\vm\prims\jvm.cpp, line 1275]
Event: 10.300 Thread 0x0000000002b7e000 Exception <a 'java/security/PrivilegedActionException'> (0x00000000edbd7b58) thrown at [D:\re\workspace\8-2-build-windows-amd64-cygwin\jdk8u20\1074\hotspot\src\share\vm\prims\jvm.cpp, line 1275]
Event: 11.189 Thread 0x0000000002b7e000 Exception <a 'java/security/PrivilegedActionException'> (0x00000000ee6a27c0) thrown at [D:\re\workspace\8-2-build-windows-amd64-cygwin\jdk8u20\1074\hotspot\src\share\vm\prims\jvm.cpp, line 1275]

Events (10 events):
Event: 16.850 Thread 0x00000000170ae000 DEOPT UNPACKING pc=0x0000000002f775bf sp=0x000000001785e0c0 mode 0
Event: 17.033 Thread 0x0000000017076000 DEOPT PACKING pc=0x00000000033b418f sp=0x000000001775ed10
Event: 17.033 Thread 0x0000000017076000 DEOPT UNPACKING pc=0x0000000002f775bf sp=0x000000001775eb20 mode 0
Event: 17.106 Thread 0x0000000016f92800 DEOPT PACKING pc=0x0000000003364afd sp=0x000000001755eaa0
Event: 17.106 Thread 0x0000000016f92800 DEOPT UNPACKING pc=0x0000000002f775bf sp=0x000000001755e840 mode 0
Event: 17.213 Thread 0x0000000002b7e000 DEOPT PACKING pc=0x00000000034186e4 sp=0x0000000002d2e100
Event: 17.213 Thread 0x0000000002b7e000 DEOPT UNPACKING pc=0x0000000002f775bf sp=0x0000000002d2de58 mode 0
Event: 17.227 Thread 0x0000000017076000 DEOPT PACKING pc=0x00000000033b418f sp=0x000000001775e940
Event: 17.227 Thread 0x0000000017076000 DEOPT UNPACKING pc=0x0000000002f775bf sp=0x000000001775e750 mode 0
Event: 17.285 Executing VM operation: ParallelGCFailedAllocation


Dynamic libraries:
0x00007ff6a29b0000 - 0x00007ff6a29e4000 	C:\Program Files\Java\jdk1.8.0_20\bin\java.exe
0x00007ffcf5f10000 - 0x00007ffcf60d1000 	C:\WINDOWS\SYSTEM32\ntdll.dll
0x00007ffcf5790000 - 0x00007ffcf583d000 	C:\WINDOWS\system32\KERNEL32.DLL
0x00007ffcf2dd0000 - 0x00007ffcf2fb8000 	C:\WINDOWS\system32\KERNELBASE.dll
0x00007ffcf5ad0000 - 0x00007ffcf5b77000 	C:\WINDOWS\system32\ADVAPI32.dll
0x00007ffcf3330000 - 0x00007ffcf33cd000 	C:\WINDOWS\system32\msvcrt.dll
0x00007ffcf5a10000 - 0x00007ffcf5a6b000 	C:\WINDOWS\system32\sechost.dll
0x00007ffcf36f0000 - 0x00007ffcf380c000 	C:\WINDOWS\system32\RPCRT4.dll
0x00007ffcf5840000 - 0x00007ffcf5996000 	C:\WINDOWS\system32\USER32.dll
0x00007ffcf5c50000 - 0x00007ffcf5dd6000 	C:\WINDOWS\system32\GDI32.dll
0x00007ffcdfcc0000 - 0x00007ffcdff34000 	C:\WINDOWS\WinSxS\amd64_microsoft.windows.common-controls_6595b64144ccf1df_6.0.10586.672_none_a2d6b3cea53ff843\COMCTL32.dll
0x00007ffcf4f20000 - 0x00007ffcf519d000 	C:\WINDOWS\system32\combase.dll
0x00007ffcf2650000 - 0x00007ffcf26ba000 	C:\WINDOWS\system32\bcryptPrimitives.dll
0x00007ffcf5eb0000 - 0x00007ffcf5eeb000 	C:\WINDOWS\system32\IMM32.DLL
0x0000000074010000 - 0x00000000740e2000 	C:\Program Files\Java\jdk1.8.0_20\jre\bin\msvcr100.dll
0x00000000735f0000 - 0x0000000073e48000 	C:\Program Files\Java\jdk1.8.0_20\jre\bin\server\jvm.dll
0x00007ffcf5f00000 - 0x00007ffcf5f08000 	C:\WINDOWS\system32\PSAPI.DLL
0x00007ffce7b10000 - 0x00007ffce7b19000 	C:\WINDOWS\SYSTEM32\WSOCK32.dll
0x00007ffcf59a0000 - 0x00007ffcf5a0b000 	C:\WINDOWS\system32\WS2_32.dll
0x00007ffcef450000 - 0x00007ffcef473000 	C:\WINDOWS\SYSTEM32\WINMM.dll
0x00007ffcef240000 - 0x00007ffcef26c000 	C:\WINDOWS\SYSTEM32\WINMMBASE.dll
0x00007ffcf3240000 - 0x00007ffcf3283000 	C:\WINDOWS\system32\cfgmgr32.dll
0x0000000074000000 - 0x000000007400f000 	C:\Program Files\Java\jdk1.8.0_20\jre\bin\verify.dll
0x0000000073fd0000 - 0x0000000073ff8000 	C:\Program Files\Java\jdk1.8.0_20\jre\bin\java.dll
0x0000000073fb0000 - 0x0000000073fc6000 	C:\Program Files\Java\jdk1.8.0_20\jre\bin\zip.dll
0x00007ffcf3810000 - 0x00007ffcf4d6c000 	C:\WINDOWS\system32\SHELL32.dll
0x00007ffcf26c0000 - 0x00007ffcf2d05000 	C:\WINDOWS\system32\windows.storage.dll
0x00007ffcf5a70000 - 0x00007ffcf5ac2000 	C:\WINDOWS\system32\shlwapi.dll
0x00007ffcf25a0000 - 0x00007ffcf25af000 	C:\WINDOWS\system32\kernel.appcore.dll
0x00007ffcf2d10000 - 0x00007ffcf2dc5000 	C:\WINDOWS\system32\shcore.dll
0x00007ffcf2530000 - 0x00007ffcf257b000 	C:\WINDOWS\system32\powrprof.dll
0x00007ffcf2580000 - 0x00007ffcf2594000 	C:\WINDOWS\system32\profapi.dll
0x00007ffcf1ef0000 - 0x00007ffcf207c000 	C:\WINDOWS\SYSTEM32\dbghelp.dll

VM Arguments:
jvm_args: -Djava.awt.headless=true -Xmx1024M -Dfile.encoding=windows-1252 -Duser.country=IN -Duser.language=en -Duser.variant 
java_command: com.android.dx.command.Main --dex --force-jumbo --num-threads=4 --multi-dex --output C:\Users\Shivangi Kanchan\Downloads\minor\minor\navigation\app\build\intermediates\transforms\dex\debug\folders\1000\5\slice_6 C:\Users\Shivangi Kanchan\Downloads\minor\minor\navigation\app\build\intermediates\transforms\instantRunSlicer\debug\folders\1\5\slice_6
java_class_path (initial): C:\android\sdk1\build-tools\24.0.1\lib\dx.jar
Launcher Type: SUN_STANDARD

Environment Variables:
JAVA_HOME=C:\Program Files\Java\jdk1.8.0_20
PATH=C:\ProgramData\Oracle\Java\javapath;C:\Program Files (x86)\Intel\iCLS Client\;C:\Program Files\Intel\iCLS Client\;C:\Program Files (x86)\AMD APP\bin\x86_64;C:\Program Files (x86)\AMD APP\bin\x86;C:\WINDOWS\system32;C:\WINDOWS;C:\WINDOWS\System32\Wbem;C:\WINDOWS\System32\WindowsPowerShell\v1.0\;C:\Program Files (x86)\ATI Technologies\ATI.ACE\Core-Static;C:\Program Files\Intel\Intel(R) Management Engine Components\DAL;C:\Program Files\Intel\Intel(R) Management Engine Components\IPT;C:\Program Files (x86)\Intel\Intel(R) Management Engine Components\DAL;C:\Program Files (x86)\Intel\Intel(R) Management Engine Components\IPT;C:\Program Files\Sony\VAIO Improvement\;C:\Program Files (x86)\Sony\VAIO Startup Setting Tool;C:\Program Files (x86)\MATLAB\R2007b\bin;C:\Program Files (x86)\MATLAB\R2007b\bin\win32;C:\Program Files (x86)\GtkSharp\2.12\bin;C:\Program Files\Java\jdk1.8.0_31\bin
USERNAME=Shivangi Kanchan
OS=Windows_NT
PROCESSOR_IDENTIFIER=Intel64 Family 6 Model 58 Stepping 9, GenuineIntel



---------------  S Y S T E M  ---------------

OS: Windows 8.1 , 64 bit Build 9600 

CPU:total 4 (2 cores per cpu, 2 threads per core) family 6 model 58 stepping 9, cmov, cx8, fxsr, mmx, sse, sse2, sse3, ssse3, sse4.1, sse4.2, popcnt, avx, clmul, erms, ht, tsc, tscinvbit, tscinv

Memory: 4k page, physical 4140316k(761692k free), swap 6455292k(1111268k free)

vm_info: Java HotSpot(TM) 64-Bit Server VM (25.20-b23) for windows-amd64 JRE (1.8.0_20-b26), built on Jul 30 2014 13:51:23 by "java_re" with MS VC++ 10.0 (VS2010)

time: Mon Nov 28 11:56:50 2016
elapsed time: 23 seconds (0d 0h 0m 23s)

