#
# A fatal error has been detected by the Java Runtime Environment:
#
#  EXCEPTION_ACCESS_VIOLATION (0xc0000005) at pc=0x00000000739cafb2, pid=7248, tid=3888
#
# JRE version: Java(TM) SE Runtime Environment (8.0_20-b26) (build 1.8.0_20-b26)
# Java VM: Java HotSpot(TM) 64-Bit Server VM (25.20-b23 mixed mode windows-amd64 compressed oops)
# Problematic frame:
# V  [jvm.dll+0x3dafb2]
#
# Failed to write core dump. Minidumps are not enabled by default on client versions of Windows
#
# If you would like to submit a bug report, please visit:
#   http://bugreport.sun.com/bugreport/crash.jsp
#

---------------  T H R E A D  ---------------

Current thread (0x0000000002bcb800):  GCTaskThread [stack: 0x00000000126e0000,0x00000000127e0000] [id=3888]

siginfo: ExceptionCode=0xc0000005, reading address 0xffffffffffffffff

Registers:
RAX=0x00001ffffffff800, RBX=0x00009fffffffd800, RCX=0x0000000073dcb4e0, RDX=0x0000000080001a03
RSP=0x00000000127df5f0, RBP=0x0000000073dcb4e0, RSI=0x0000000001040000, RDI=0x0000000080001a03
R8 =0x0000000000000001, R9 =0x0000000006e5c13d, R10=0x00000000001b9705, R11=0x0000000006e5c140
R12=0x0000000073dcb460, R13=0x00000000000006e5, R14=0x00000000f7300000, R15=0x00000000127df6f8
RIP=0x00000000739cafb2, EFLAGS=0x0000000000010a06

Top of Stack: (sp=0x00000000127df5f0)
0x00000000127df5f0:   000000000000c0de 0000000073dcb4e0
0x00000000127df600:   0000000001040000 00000000736e9456
0x00000000127df610:   0000000073dcb460 0000000073717c08
0x00000000127df620:   00000000f641081c 0000000006e60000
0x00000000127df630:   0000000000001444 00000000f6411fd8
0x00000000127df640:   0000000000001444 00000000739cc0d9
0x00000000127df650:   00000000127df6f8 0000000006e53d19
0x00000000127df660:   0000000006e528d1 00000000739cab95
0x00000000127df670:   0000000006e60000 00000000739c1c0d
0x00000000127df680:   0000000006e528d6 00000000739cbfe9
0x00000000127df690:   0000000000000002 00000000739cbf0f
0x00000000127df6a0:   00000000f817bd38 00000000f7300000
0x00000000127df6b0:   00000000000006e5 0000000000000002
0x00000000127df6c0:   0000000001040000 00000000739cd684
0x00000000127df6d0:   00000000f7280000 00000000127df738
0x00000000127df6e0:   00000000f7280000 00000000127df738 

Instructions: (pc=0x00000000739cafb2)
0x00000000739caf92:   24 20 41 54 48 83 ec 20 48 8b 71 18 48 8b c2 48
0x00000000739cafa2:   8b fa 48 2b 01 48 8b e9 48 c1 e8 13 48 8d 1c 80
0x00000000739cafb2:   44 8b 44 de 1c 8b 44 de 18 4c 8b 24 de 41 81 e0
0x00000000739cafc2:   ff ff ff 07 4c 03 c0 49 81 f8 00 00 01 00 75 09 


Register to memory mapping:

RAX=0x00001ffffffff800 is an unknown value
RBX=0x00009fffffffd800 is an unknown value
RCX=0x0000000073dcb4e0 is an unknown value
RDX=0x0000000080001a03 is an unknown value
RSP=0x00000000127df5f0 is an unknown value
RBP=0x0000000073dcb4e0 is an unknown value
RSI=0x0000000001040000 is an unknown value
RDI=0x0000000080001a03 is an unknown value
R8 =0x0000000000000001 is an unknown value
R9 =0x0000000006e5c13d is an unknown value
R10=0x00000000001b9705 is an unknown value
R11=0x0000000006e5c140 is an unknown value
R12=0x0000000073dcb460 is an unknown value
R13=0x00000000000006e5 is an unknown value
R14=0x00000000f7300000 is an oop

[error occurred during error reporting (printing register info), id 0xc0000005]

Stack: [0x00000000126e0000,0x00000000127e0000],  sp=0x00000000127df5f0,  free space=1021k
Native frames: (J=compiled Java code, j=interpreted, Vv=VM code, C=native code)
V  [jvm.dll+0x3dafb2]
V  [jvm.dll+0x127c08]
V  [jvm.dll+0x3dc0d9]
V  [jvm.dll+0x3d1c0d]
V  [jvm.dll+0x3dd684]
V  [jvm.dll+0x3d51ba]
V  [jvm.dll+0x3d2bd6]
V  [jvm.dll+0x3d017e]
V  [jvm.dll+0x283f5a]
C  [msvcr100.dll+0x21d9f]
C  [msvcr100.dll+0x21e3b]
C  [KERNEL32.DLL+0x18102]
C  [ntdll.dll+0x5c5b4]


---------------  P R O C E S S  ---------------

Java Threads: ( => current thread )
  0x0000000016f62800 JavaThread "Unknown thread" [_thread_blocked, id=6180, stack(0x0000000017600000,0x0000000017700000)]
  0x0000000017089000 JavaThread "pool-2-thread-3" [_thread_blocked, id=3080, stack(0x0000000017500000,0x0000000017600000)]
  0x0000000016f8a800 JavaThread "pool-2-thread-2" [_thread_blocked, id=7368, stack(0x0000000017400000,0x0000000017500000)]
  0x0000000016f2f800 JavaThread "pool-3-thread-1" [_thread_blocked, id=6116, stack(0x0000000017300000,0x0000000017400000)]
  0x0000000016f2f000 JavaThread "pool-2-thread-1" [_thread_blocked, id=1124, stack(0x0000000017200000,0x0000000017300000)]
  0x00000000153d5000 JavaThread "Service Thread" daemon [_thread_blocked, id=7808, stack(0x0000000016c00000,0x0000000016d00000)]
  0x00000000153d1000 JavaThread "C1 CompilerThread2" daemon [_thread_blocked, id=6412, stack(0x0000000016b00000,0x0000000016c00000)]
  0x00000000153ce800 JavaThread "C2 CompilerThread1" daemon [_thread_blocked, id=8072, stack(0x0000000016a00000,0x0000000016b00000)]
  0x000000001537d000 JavaThread "C2 CompilerThread0" daemon [_thread_blocked, id=6748, stack(0x0000000016900000,0x0000000016a00000)]
  0x000000001537b800 JavaThread "Unknown thread" [_thread_blocked, id=5176, stack(0x0000000016800000,0x0000000016900000)]
  0x000000001537a000 JavaThread "Unknown thread" [_thread_blocked, id=3916, stack(0x0000000016700000,0x0000000016800000)]
  0x0000000002ca0800 JavaThread "Unknown thread" [_thread_blocked, id=8900, stack(0x0000000016600000,0x0000000016700000)]
  0x0000000002c9d000 JavaThread "Unknown thread" [_thread_blocked, id=8324, stack(0x0000000016500000,0x0000000016600000)]
  0x00000000010ae000 JavaThread "main" [_thread_blocked, id=4784, stack(0x00000000029b0000,0x0000000002ab0000)]

Other Threads:
  0x0000000015346800 VMThread [stack: 0x0000000016400000,0x0000000016500000] [id=4812]
  0x00000000153d8000 WatcherThread [stack: 0x0000000016d00000,0x0000000016e00000] [id=7976]

=>0x0000000002bcb800 (exited) GCTaskThread [stack: 0x00000000126e0000,0x00000000127e0000] [id=3888]

VM state:at safepoint (normal execution)

VM Mutex/Monitor currently owned by a thread:  ([mutex/lock_event])
[0x00000000010acff0] Threads_lock - owner thread: 0x0000000015346800
[0x00000000010ad3f0] Heap_lock - owner thread: 0x0000000016f2f000

Heap:
 PSYoungGen      total 214016K, used 32239K [0x00000000eab00000, 0x00000000fb680000, 0x0000000100000000)
  eden space 181760K, 0% used [0x00000000eab00000,0x00000000eab00000,0x00000000f5c80000)
  from space 32256K, 99% used [0x00000000f6200000,0x00000000f817bd38,0x00000000f8180000)
  to   space 46080K, 0% used [0x00000000f8980000,0x00000000f8980000,0x00000000fb680000)
 ParOldGen       total 86528K, used 73058K [0x00000000c0000000, 0x00000000c5480000, 0x00000000eab00000)
  object space 86528K, 84% used [0x00000000c0000000,0x00000000c4758a70,0x00000000c5480000)
 Metaspace       used 6218K, capacity 7152K, committed 7296K, reserved 1056768K
  class space    used 590K, capacity 616K, committed 640K, reserved 1048576K

Card table byte_map: [0x0000000012070000,0x0000000012280000] byte_map_base: 0x0000000011a70000

Marking Bits: (ParMarkBitMap*) 0x0000000073dcb460
 Begin Bits: [0x00000000127e0000, 0x00000000137e0000)
 End Bits:   [0x00000000137e0000, 0x00000000147e0000)

Polling page: 0x0000000000e10000

CodeCache: size=245760Kb used=9092Kb max_used=9109Kb free=236667Kb
 bounds [0x0000000002cb0000, 0x00000000035f0000, 0x0000000011cb0000]
 total_blobs=2134 nmethods=1869 adapters=178
 compilation: enabled

Compilation events (10 events):
Event: 31.016 Thread 0x000000001537d000 2448       4       com.android.dx.ssa.SsaConverter::edgeSplitMoveExceptionsAndResults (157 bytes)
Event: 31.080 Thread 0x00000000153ce800 nmethod 2447 0x00000000033017d0 code [0x0000000003301a80, 0x0000000003302c78]
Event: 31.080 Thread 0x00000000153ce800 2451 %     4       com.android.dx.ssa.SsaMethod::convertRopToSsaBlocks @ 27 (103 bytes)
Event: 31.134 Thread 0x00000000153ce800 nmethod 2451% 0x0000000002fcf490 code [0x0000000002fcf6a0, 0x0000000002fd00c0]
Event: 31.134 Thread 0x00000000153ce800 2453       4       com.android.dx.cf.iface.StdAttributeList::findFirst (44 bytes)
Event: 31.142 Thread 0x00000000153ce800 nmethod 2453 0x0000000003301150 code [0x00000000033012a0, 0x0000000003301558]
Event: 31.142 Thread 0x00000000153ce800 2449       4       com.android.dx.ssa.SsaBasicBlock::isExitBlock (20 bytes)
Event: 31.143 Thread 0x00000000153ce800 nmethod 2449 0x0000000003023510 code [0x0000000003023640, 0x00000000030236b8]
Event: 31.171 Thread 0x000000001537d000 nmethod 2448 0x0000000003232ed0 code [0x00000000032331a0, 0x0000000003234638]
Event: 31.232 Thread 0x00000000153ce800 2454 %     4       com.android.dx.ssa.SsaConverter::edgeSplitPredecessors @ 12 (44 bytes)

GC Heap History (10 events):
Event: 9.215 GC heap after
Heap after GC invocations=8 (full 0):
 PSYoungGen      total 142336K, used 18400K [0x00000000eab00000, 0x00000000f5400000, 0x0000000100000000)
  eden space 123904K, 0% used [0x00000000eab00000,0x00000000eab00000,0x00000000f2400000)
  from space 18432K, 99% used [0x00000000f3a00000,0x00000000f4bf8010,0x00000000f4c00000)
  to   space 22528K, 0% used [0x00000000f2400000,0x00000000f2400000,0x00000000f3a00000)
 ParOldGen       total 44032K, used 34535K [0x00000000c0000000, 0x00000000c2b00000, 0x00000000eab00000)
  object space 44032K, 78% used [0x00000000c0000000,0x00000000c21b9e90,0x00000000c2b00000)
 Metaspace       used 6046K, capacity 7024K, committed 7296K, reserved 1056768K
  class space    used 587K, capacity 616K, committed 640K, reserved 1048576K
}
Event: 12.086 GC heap before
{Heap before GC invocations=9 (full 0):
 PSYoungGen      total 142336K, used 142304K [0x00000000eab00000, 0x00000000f5400000, 0x0000000100000000)
  eden space 123904K, 100% used [0x00000000eab00000,0x00000000f2400000,0x00000000f2400000)
  from space 18432K, 99% used [0x00000000f3a00000,0x00000000f4bf8010,0x00000000f4c00000)
  to   space 22528K, 0% used [0x00000000f2400000,0x00000000f2400000,0x00000000f3a00000)
 ParOldGen       total 44032K, used 34535K [0x00000000c0000000, 0x00000000c2b00000, 0x00000000eab00000)
  object space 44032K, 78% used [0x00000000c0000000,0x00000000c21b9e90,0x00000000c2b00000)
 Metaspace       used 6133K, capacity 7088K, committed 7296K, reserved 1056768K
  class space    used 587K, capacity 616K, committed 640K, reserved 1048576K
Event: 12.307 GC heap after
Heap after GC invocations=9 (full 0):
 PSYoungGen      total 146432K, used 22512K [0x00000000eab00000, 0x00000000faa00000, 0x0000000100000000)
  eden space 123904K, 0% used [0x00000000eab00000,0x00000000eab00000,0x00000000f2400000)
  from space 22528K, 99% used [0x00000000f2400000,0x00000000f39fc278,0x00000000f3a00000)
  to   space 31232K, 0% used [0x00000000f8b80000,0x00000000f8b80000,0x00000000faa00000)
 ParOldGen       total 47104K, used 46942K [0x00000000c0000000, 0x00000000c2e00000, 0x00000000eab00000)
  object space 47104K, 99% used [0x00000000c0000000,0x00000000c2dd7840,0x00000000c2e00000)
 Metaspace       used 6133K, capacity 7088K, committed 7296K, reserved 1056768K
  class space    used 587K, capacity 616K, committed 640K, reserved 1048576K
}
Event: 12.308 GC heap before
{Heap before GC invocations=10 (full 1):
 PSYoungGen      total 146432K, used 22512K [0x00000000eab00000, 0x00000000faa00000, 0x0000000100000000)
  eden space 123904K, 0% used [0x00000000eab00000,0x00000000eab00000,0x00000000f2400000)
  from space 22528K, 99% used [0x00000000f2400000,0x00000000f39fc278,0x00000000f3a00000)
  to   space 31232K, 0% used [0x00000000f8b80000,0x00000000f8b80000,0x00000000faa00000)
 ParOldGen       total 47104K, used 46942K [0x00000000c0000000, 0x00000000c2e00000, 0x00000000eab00000)
  object space 47104K, 99% used [0x00000000c0000000,0x00000000c2dd7840,0x00000000c2e00000)
 Metaspace       used 6133K, capacity 7088K, committed 7296K, reserved 1056768K
  class space    used 587K, capacity 616K, committed 640K, reserved 1048576K
Event: 14.738 GC heap after
Heap after GC invocations=10 (full 1):
 PSYoungGen      total 146432K, used 4030K [0x00000000eab00000, 0x00000000faa00000, 0x0000000100000000)
  eden space 123904K, 0% used [0x00000000eab00000,0x00000000eab00000,0x00000000f2400000)
  from space 22528K, 17% used [0x00000000f2400000,0x00000000f27efbf8,0x00000000f3a00000)
  to   space 31232K, 0% used [0x00000000f8b80000,0x00000000f8b80000,0x00000000faa00000)
 ParOldGen       total 86528K, used 46878K [0x00000000c0000000, 0x00000000c5480000, 0x00000000eab00000)
  object space 86528K, 54% used [0x00000000c0000000,0x00000000c2dc7868,0x00000000c5480000)
 Metaspace       used 6133K, capacity 7088K, committed 7296K, reserved 1056768K
  class space    used 587K, capacity 616K, committed 640K, reserved 1048576K
}
Event: 22.770 GC heap before
{Heap before GC invocations=11 (full 1):
 PSYoungGen      total 146432K, used 127934K [0x00000000eab00000, 0x00000000faa00000, 0x0000000100000000)
  eden space 123904K, 100% used [0x00000000eab00000,0x00000000f2400000,0x00000000f2400000)
  from space 22528K, 17% used [0x00000000f2400000,0x00000000f27efbf8,0x00000000f3a00000)
  to   space 31232K, 0% used [0x00000000f8b80000,0x00000000f8b80000,0x00000000faa00000)
 ParOldGen       total 86528K, used 46878K [0x00000000c0000000, 0x00000000c5480000, 0x00000000eab00000)
  object space 86528K, 54% used [0x00000000c0000000,0x00000000c2dc7868,0x00000000c5480000)
 Metaspace       used 6205K, capacity 7152K, committed 7296K, reserved 1056768K
  class space    used 590K, capacity 616K, committed 640K, reserved 1048576K
Event: 23.556 GC heap after
Heap after GC invocations=11 (full 1):
 PSYoungGen      total 172544K, used 21610K [0x00000000eab00000, 0x00000000fa100000, 0x0000000100000000)
  eden space 150528K, 0% used [0x00000000eab00000,0x00000000eab00000,0x00000000f3e00000)
  from space 22016K, 98% used [0x00000000f8b80000,0x00000000fa09a898,0x00000000fa100000)
  to   space 32256K, 0% used [0x00000000f6200000,0x00000000f6200000,0x00000000f8180000)
 ParOldGen       total 86528K, used 48637K [0x00000000c0000000, 0x00000000c5480000, 0x00000000eab00000)
  object space 86528K, 56% used [0x00000000c0000000,0x00000000c2f7f748,0x00000000c5480000)
 Metaspace       used 6205K, capacity 7152K, committed 7296K, reserved 1056768K
  class space    used 590K, capacity 616K, committed 640K, reserved 1048576K
}
Event: 31.237 GC heap before
{Heap before GC invocations=12 (full 1):
 PSYoungGen      total 172544K, used 172138K [0x00000000eab00000, 0x00000000fa100000, 0x0000000100000000)
  eden space 150528K, 100% used [0x00000000eab00000,0x00000000f3e00000,0x00000000f3e00000)
  from space 22016K, 98% used [0x00000000f8b80000,0x00000000fa09a898,0x00000000fa100000)
  to   space 32256K, 0% used [0x00000000f6200000,0x00000000f6200000,0x00000000f8180000)
 ParOldGen       total 86528K, used 48637K [0x00000000c0000000, 0x00000000c5480000, 0x00000000eab00000)
  object space 86528K, 56% used [0x00000000c0000000,0x00000000c2f7f748,0x00000000c5480000)
 Metaspace       used 6218K, capacity 7152K, committed 7296K, reserved 1056768K
  class space    used 590K, capacity 616K, committed 640K, reserved 1048576K
Event: 31.876 GC heap after
Heap after GC invocations=12 (full 1):
 PSYoungGen      total 214016K, used 32239K [0x00000000eab00000, 0x00000000fb680000, 0x0000000100000000)
  eden space 181760K, 0% used [0x00000000eab00000,0x00000000eab00000,0x00000000f5c80000)
  from space 32256K, 99% used [0x00000000f6200000,0x00000000f817bd38,0x00000000f8180000)
  to   space 46080K, 0% used [0x00000000f8980000,0x00000000f8980000,0x00000000fb680000)
 ParOldGen       total 86528K, used 73058K [0x00000000c0000000, 0x00000000c5480000, 0x00000000eab00000)
  object space 86528K, 84% used [0x00000000c0000000,0x00000000c4758a70,0x00000000c5480000)
 Metaspace       used 6218K, capacity 7152K, committed 7296K, reserved 1056768K
  class space    used 590K, capacity 616K, committed 640K, reserved 1048576K
}
Event: 31.876 GC heap before
{Heap before GC invocations=13 (full 2):
 PSYoungGen      total 214016K, used 32239K [0x00000000eab00000, 0x00000000fb680000, 0x0000000100000000)
  eden space 181760K, 0% used [0x00000000eab00000,0x00000000eab00000,0x00000000f5c80000)
  from space 32256K, 99% used [0x00000000f6200000,0x00000000f817bd38,0x00000000f8180000)
  to   space 46080K, 0% used [0x00000000f8980000,0x00000000f8980000,0x00000000fb680000)
 ParOldGen       total 86528K, used 73058K [0x00000000c0000000, 0x00000000c5480000, 0x00000000eab00000)
  object space 86528K, 84% used [0x00000000c0000000,0x00000000c4758a70,0x00000000c5480000)
 Metaspace       used 6218K, capacity 7152K, committed 7296K, reserved 1056768K
  class space    used 590K, capacity 616K, committed 640K, reserved 1048576K

Deoptimization events (10 events):
Event: 20.947 Thread 0x0000000016f2f000 Uncommon trap: reason=class_check action=maybe_recompile pc=0x00000000033f00e4 method=com.android.dx.cf.code.Ropper.processBlock(Lcom/android/dx/cf/code/ByteBlock;Lcom/android/dx/cf/code/Frame;[I)V @ 777
Event: 20.948 Thread 0x0000000016f2f000 Uncommon trap: reason=class_check action=maybe_recompile pc=0x00000000033f00e4 method=com.android.dx.cf.code.Ropper.processBlock(Lcom/android/dx/cf/code/ByteBlock;Lcom/android/dx/cf/code/Frame;[I)V @ 777
Event: 20.948 Thread 0x0000000016f2f000 Uncommon trap: reason=class_check action=maybe_recompile pc=0x00000000033f00e4 method=com.android.dx.cf.code.Ropper.processBlock(Lcom/android/dx/cf/code/ByteBlock;Lcom/android/dx/cf/code/Frame;[I)V @ 777
Event: 20.948 Thread 0x0000000016f2f000 Uncommon trap: reason=class_check action=maybe_recompile pc=0x00000000033f00e4 method=com.android.dx.cf.code.Ropper.processBlock(Lcom/android/dx/cf/code/ByteBlock;Lcom/android/dx/cf/code/Frame;[I)V @ 777
Event: 23.685 Thread 0x0000000016f8a800 Uncommon trap: reason=null_check action=make_not_entrant pc=0x000000000359d2f4 method=com.android.dx.cf.code.Ropper$CatchInfo.getSetup(Lcom/android/dx/rop/type/Type;)Lcom/android/dx/cf/code/Ropper$ExceptionHandlerSetup; @ 10
Event: 23.893 Thread 0x0000000017089000 Uncommon trap: reason=class_check action=maybe_recompile pc=0x00000000035850e4 method=com.android.dx.cf.code.BytecodeArray.parseInstruction(ILcom/android/dx/cf/code/BytecodeArray$Visitor;)I @ 1161
Event: 23.893 Thread 0x0000000017089000 Uncommon trap: reason=class_check action=maybe_recompile pc=0x00000000035850e4 method=com.android.dx.cf.code.BytecodeArray.parseInstruction(ILcom/android/dx/cf/code/BytecodeArray$Visitor;)I @ 1161
Event: 24.210 Thread 0x0000000017089000 Uncommon trap: reason=class_check action=maybe_recompile pc=0x00000000033c41d8 method=com.android.dx.ssa.SCCP.simulatePhi(Lcom/android/dx/ssa/PhiInsn;)V @ 124
Event: 24.213 Thread 0x0000000017089000 Uncommon trap: reason=class_check action=maybe_recompile pc=0x00000000033c41d8 method=com.android.dx.ssa.SCCP.simulatePhi(Lcom/android/dx/ssa/PhiInsn;)V @ 124
Event: 24.218 Thread 0x0000000017089000 Uncommon trap: reason=class_check action=maybe_recompile pc=0x00000000033c41d8 method=com.android.dx.ssa.SCCP.simulatePhi(Lcom/android/dx/ssa/PhiInsn;)V @ 124

Internal exceptions (10 events):
Event: 6.913 Thread 0x00000000010ae000 Exception <a 'java/security/PrivilegedActionException'> (0x00000000ed644980) thrown at [D:\re\workspace\8-2-build-windows-amd64-cygwin\jdk8u20\1074\hotspot\src\share\vm\prims\jvm.cpp, line 1275]
Event: 6.920 Thread 0x00000000010ae000 Exception <a 'java/security/PrivilegedActionException'> (0x00000000ed672ac0) thrown at [D:\re\workspace\8-2-build-windows-amd64-cygwin\jdk8u20\1074\hotspot\src\share\vm\prims\jvm.cpp, line 1275]
Event: 6.938 Thread 0x00000000010ae000 Exception <a 'java/security/PrivilegedActionException'> (0x00000000ed6c5a00) thrown at [D:\re\workspace\8-2-build-windows-amd64-cygwin\jdk8u20\1074\hotspot\src\share\vm\prims\jvm.cpp, line 1275]
Event: 7.197 Thread 0x00000000010ae000 Exception <a 'java/security/PrivilegedActionException'> (0x00000000ee005f98) thrown at [D:\re\workspace\8-2-build-windows-amd64-cygwin\jdk8u20\1074\hotspot\src\share\vm\prims\jvm.cpp, line 1275]
Event: 16.039 Thread 0x00000000010ae000 Exception <a 'java/security/PrivilegedActionException'> (0x00000000ece9ceb8) thrown at [D:\re\workspace\8-2-build-windows-amd64-cygwin\jdk8u20\1074\hotspot\src\share\vm\prims\jvm.cpp, line 1275]
Event: 16.057 Thread 0x00000000010ae000 Exception <a 'java/security/PrivilegedActionException'> (0x00000000ed4c7980) thrown at [D:\re\workspace\8-2-build-windows-amd64-cygwin\jdk8u20\1074\hotspot\src\share\vm\prims\jvm.cpp, line 1275]
Event: 18.143 Thread 0x00000000010ae000 Exception <a 'java/security/PrivilegedActionException'> (0x00000000ee8c36a0) thrown at [D:\re\workspace\8-2-build-windows-amd64-cygwin\jdk8u20\1074\hotspot\src\share\vm\prims\jvm.cpp, line 1275]
Event: 20.942 Thread 0x0000000016f2f000 Exception <a 'java/security/PrivilegedActionException'> (0x00000000f0e1fae8) thrown at [D:\re\workspace\8-2-build-windows-amd64-cygwin\jdk8u20\1074\hotspot\src\share\vm\prims\jvm.cpp, line 1275]
Event: 21.754 Thread 0x0000000016f2f000 Exception <a 'java/security/PrivilegedActionException'> (0x00000000f113b4c0) thrown at [D:\re\workspace\8-2-build-windows-amd64-cygwin\jdk8u20\1074\hotspot\src\share\vm\prims\jvm.cpp, line 1275]
Event: 23.685 Thread 0x0000000016f8a800 Implicit null exception at 0x0000000003598cc4 to 0x000000000359d2c9

Events (10 events):
Event: 29.254 Thread 0x0000000016f62800 DEOPT UNPACKING pc=0x0000000002cf75bf sp=0x00000000176fe638 mode 0
Event: 29.447 Thread 0x0000000016f62800 DEOPT PACKING pc=0x00000000032ae66f sp=0x00000000176fe840
Event: 29.447 Thread 0x0000000016f62800 DEOPT UNPACKING pc=0x0000000002cf75bf sp=0x00000000176fe570 mode 0
Event: 29.993 Thread 0x00000000010ae000 DEOPT PACKING pc=0x00000000032668b3 sp=0x0000000002aadf40
Event: 29.993 Thread 0x00000000010ae000 DEOPT UNPACKING pc=0x0000000002cf75bf sp=0x0000000002aadc78 mode 0
Event: 31.009 Thread 0x0000000017089000 DEOPT PACKING pc=0x000000000330dbc0 sp=0x00000000175fea10
Event: 31.009 Thread 0x0000000017089000 DEOPT UNPACKING pc=0x0000000002cf75bf sp=0x00000000175fe7a0 mode 0
Event: 31.197 Thread 0x0000000016f8a800 DEOPT PACKING pc=0x00000000032f75bc sp=0x00000000174fece0
Event: 31.197 Thread 0x0000000016f8a800 DEOPT UNPACKING pc=0x0000000002cf75bf sp=0x00000000174fea70 mode 0
Event: 31.234 Executing VM operation: ParallelGCFailedAllocation


Dynamic libraries:
0x00007ff6b3b30000 - 0x00007ff6b3b64000 	C:\Program Files\Java\jdk1.8.0_20\bin\java.exe
0x00007ffcf5f10000 - 0x00007ffcf60d1000 	C:\WINDOWS\SYSTEM32\ntdll.dll
0x00007ffcf5790000 - 0x00007ffcf583d000 	C:\WINDOWS\system32\KERNEL32.DLL
0x00007ffcf2dd0000 - 0x00007ffcf2fb8000 	C:\WINDOWS\system32\KERNELBASE.dll
0x00007ffcf5ad0000 - 0x00007ffcf5b77000 	C:\WINDOWS\system32\ADVAPI32.dll
0x00007ffcf3330000 - 0x00007ffcf33cd000 	C:\WINDOWS\system32\msvcrt.dll
0x00007ffcf5a10000 - 0x00007ffcf5a6b000 	C:\WINDOWS\system32\sechost.dll
0x00007ffcf36f0000 - 0x00007ffcf380c000 	C:\WINDOWS\system32\RPCRT4.dll
0x00007ffcf5840000 - 0x00007ffcf5996000 	C:\WINDOWS\system32\USER32.dll
0x00007ffcf5c50000 - 0x00007ffcf5dd6000 	C:\WINDOWS\system32\GDI32.dll
0x00007ffcdfcc0000 - 0x00007ffcdff34000 	C:\WINDOWS\WinSxS\amd64_microsoft.windows.common-controls_6595b64144ccf1df_6.0.10586.672_none_a2d6b3cea53ff843\COMCTL32.dll
0x00007ffcf4f20000 - 0x00007ffcf519d000 	C:\WINDOWS\system32\combase.dll
0x00007ffcf2650000 - 0x00007ffcf26ba000 	C:\WINDOWS\system32\bcryptPrimitives.dll
0x00007ffcf5eb0000 - 0x00007ffcf5eeb000 	C:\WINDOWS\system32\IMM32.DLL
0x0000000074900000 - 0x00000000749d2000 	C:\Program Files\Java\jdk1.8.0_20\jre\bin\msvcr100.dll
0x00000000735f0000 - 0x0000000073e48000 	C:\Program Files\Java\jdk1.8.0_20\jre\bin\server\jvm.dll
0x00007ffcf5f00000 - 0x00007ffcf5f08000 	C:\WINDOWS\system32\PSAPI.DLL
0x00007ffce7b10000 - 0x00007ffce7b19000 	C:\WINDOWS\SYSTEM32\WSOCK32.dll
0x00007ffcf59a0000 - 0x00007ffcf5a0b000 	C:\WINDOWS\system32\WS2_32.dll
0x00007ffcef450000 - 0x00007ffcef473000 	C:\WINDOWS\SYSTEM32\WINMM.dll
0x00007ffcef240000 - 0x00007ffcef26c000 	C:\WINDOWS\SYSTEM32\WINMMBASE.dll
0x00007ffcf3240000 - 0x00007ffcf3283000 	C:\WINDOWS\system32\cfgmgr32.dll
0x00000000748f0000 - 0x00000000748ff000 	C:\Program Files\Java\jdk1.8.0_20\jre\bin\verify.dll
0x0000000073ef0000 - 0x0000000073f18000 	C:\Program Files\Java\jdk1.8.0_20\jre\bin\java.dll
0x0000000073ed0000 - 0x0000000073ee6000 	C:\Program Files\Java\jdk1.8.0_20\jre\bin\zip.dll
0x00007ffcf3810000 - 0x00007ffcf4d6c000 	C:\WINDOWS\system32\SHELL32.dll
0x00007ffcf26c0000 - 0x00007ffcf2d05000 	C:\WINDOWS\system32\windows.storage.dll
0x00007ffcf5a70000 - 0x00007ffcf5ac2000 	C:\WINDOWS\system32\shlwapi.dll
0x00007ffcf25a0000 - 0x00007ffcf25af000 	C:\WINDOWS\system32\kernel.appcore.dll
0x00007ffcf2d10000 - 0x00007ffcf2dc5000 	C:\WINDOWS\system32\shcore.dll
0x00007ffcf2530000 - 0x00007ffcf257b000 	C:\WINDOWS\system32\powrprof.dll
0x00007ffcf2580000 - 0x00007ffcf2594000 	C:\WINDOWS\system32\profapi.dll
0x00007ffcf1ef0000 - 0x00007ffcf207c000 	C:\WINDOWS\SYSTEM32\dbghelp.dll

VM Arguments:
jvm_args: -Djava.awt.headless=true -Xmx1024M -Dfile.encoding=windows-1252 -Duser.country=IN -Duser.language=en -Duser.variant 
java_command: com.android.dx.command.Main --dex --force-jumbo --num-threads=4 --multi-dex --output C:\Users\Shivangi Kanchan\Downloads\minor\minor\navigation\app\build\intermediates\transforms\dex\debug\folders\1000\5\slice_6 C:\Users\Shivangi Kanchan\Downloads\minor\minor\navigation\app\build\intermediates\transforms\instantRunSlicer\debug\folders\1\5\slice_6
java_class_path (initial): C:\android\sdk1\build-tools\24.0.1\lib\dx.jar
Launcher Type: SUN_STANDARD

Environment Variables:
JAVA_HOME=C:\Program Files\Java\jdk1.8.0_20
PATH=C:\ProgramData\Oracle\Java\javapath;C:\Program Files (x86)\Intel\iCLS Client\;C:\Program Files\Intel\iCLS Client\;C:\Program Files (x86)\AMD APP\bin\x86_64;C:\Program Files (x86)\AMD APP\bin\x86;C:\WINDOWS\system32;C:\WINDOWS;C:\WINDOWS\System32\Wbem;C:\WINDOWS\System32\WindowsPowerShell\v1.0\;C:\Program Files (x86)\ATI Technologies\ATI.ACE\Core-Static;C:\Program Files\Intel\Intel(R) Management Engine Components\DAL;C:\Program Files\Intel\Intel(R) Management Engine Components\IPT;C:\Program Files (x86)\Intel\Intel(R) Management Engine Components\DAL;C:\Program Files (x86)\Intel\Intel(R) Management Engine Components\IPT;C:\Program Files\Sony\VAIO Improvement\;C:\Program Files (x86)\Sony\VAIO Startup Setting Tool;C:\Program Files (x86)\MATLAB\R2007b\bin;C:\Program Files (x86)\MATLAB\R2007b\bin\win32;C:\Program Files (x86)\GtkSharp\2.12\bin;C:\Program Files\Java\jdk1.8.0_31\bin
USERNAME=Shivangi Kanchan
OS=Windows_NT
PROCESSOR_IDENTIFIER=Intel64 Family 6 Model 58 Stepping 9, GenuineIntel



---------------  S Y S T E M  ---------------

OS: Windows 8.1 , 64 bit Build 9600 

CPU:total 4 (2 cores per cpu, 2 threads per core) family 6 model 58 stepping 9, cmov, cx8, fxsr, mmx, sse, sse2, sse3, ssse3, sse4.1, sse4.2, popcnt, avx, clmul, erms, ht, tsc, tscinvbit, tscinv

Memory: 4k page, physical 4140316k(740736k free), swap 6453780k(2158740k free)

vm_info: Java HotSpot(TM) 64-Bit Server VM (25.20-b23) for windows-amd64 JRE (1.8.0_20-b26), built on Jul 30 2014 13:51:23 by "java_re" with MS VC++ 10.0 (VS2010)

time: Thu Dec 01 14:00:27 2016
elapsed time: 33 seconds (0d 0h 0m 33s)

