#
# A fatal error has been detected by the Java Runtime Environment:
#
#  EXCEPTION_ACCESS_VIOLATION (0xc0000005) at pc=0x0000000002f0d9d5, pid=5612, tid=3888
#
# JRE version: Java(TM) SE Runtime Environment (8.0_20-b26) (build 1.8.0_20-b26)
# Java VM: Java HotSpot(TM) 64-Bit Server VM (25.20-b23 mixed mode windows-amd64 compressed oops)
# Problematic frame:
# J 2245 C1 com.android.dx.dex.code.OutputFinisher.getAllConstants()Ljava/util/HashSet; (47 bytes) @ 0x0000000002f0d9d5 [0x0000000002f0d440+0x595]
#
# Failed to write core dump. Minidumps are not enabled by default on client versions of Windows
#
# If you would like to submit a bug report, please visit:
#   http://bugreport.sun.com/bugreport/crash.jsp
#

---------------  T H R E A D  ---------------

Current thread (0x0000000016d64000):  JavaThread "pool-1-thread-1" [_thread_in_Java, id=3888, stack(0x000000001a020000,0x000000001a120000)]

siginfo: ExceptionCode=0xc0000005, reading address 0x0000000080001b0b

Registers:
RAX=0x0000000080001b03, RBX=0x0000000000042f96, RCX=0x0000000000008203, RDX=0x00000000f19ce2b8
RSP=0x000000001a11e920, RBP=0x000000001a11eaf8, RSI=0x0000000000007ca8, RDI=0x0000000100089408
R8 =0x00000000000002d6, R9 =0x00000000000002d5, R10=0x0000000080001b03, R11=0x0000000000000646
R12=0x0000000000000000, R13=0x00000000c1163970, R14=0x0000000011a10000, R15=0x0000000016d64000
RIP=0x0000000002f0d9d5, EFLAGS=0x0000000000010206

Top of Stack: (sp=0x000000001a11e920)
0x000000001a11e920:   000000000000003c 0000000014c8f480
0x000000001a11e930:   000000001a11eaf8 000000000308d8f0
0x000000001a11e940:   000000001a11eaf8 0000000002e44964
0x000000001a11e950:   000000001a11e9b8 0000000002c57a2d
0x000000001a11e960:   0000000002e191f4 0000000002c57a2d
0x000000001a11e970:   000000001a11eaf8 0000000002df2a14
0x000000001a11e980:   0000000015008c79 000000001a11e9d0
0x000000001a11e990:   000000001a11eaf8 0000000002f65124
0x000000001a11e9a0:   00000000f19ce288 00000000f19ce278
0x000000001a11e9b0:   00000000c2f68570 00000000f19ce2b8
0x000000001a11e9c0:   0000000002e1927c 00000000c2e845e0
0x000000001a11e9d0:   000000001a11eaf8 0000000002e192b4
0x000000001a11e9e0:   000000001a11eb28 0000000014dba69f
0x000000001a11e9f0:   0000000000000000 0000000016d64000
0x000000001a11ea00:   00000000000022d8 0000000014dba6ba
0x000000001a11ea10:   000000001a11eaf8 000000007369d565 

Instructions: (pc=0x0000000002f0d9d5)
0x0000000002f0d9b5:   66 00 15 00 00 00 00 81 8e c0 01 00 00 00 01 00
0x0000000002f0d9c5:   00 e9 c1 00 00 00 48 bf 08 94 08 00 01 00 00 00
0x0000000002f0d9d5:   8b 70 08 48 c1 e6 03 48 3b 7e 30 0f 85 8a 00 00
0x0000000002f0d9e5:   00 48 be 10 66 00 15 00 00 00 00 8b 78 08 48 c1 


Register to memory mapping:

RAX=0x0000000080001b03 is an unknown value
RBX=0x0000000000042f96 is an unknown value
RCX=0x0000000000008203 is an unknown value
RDX=0x00000000f19ce2b8 is an oop
java.util.ArrayList$Itr 
 - klass: 'java/util/ArrayList$Itr'
RSP=0x000000001a11e920 is pointing into the stack for thread: 0x0000000016d64000
RBP=0x000000001a11eaf8 is pointing into the stack for thread: 0x0000000016d64000
RSI=0x0000000000007ca8 is an unknown value
RDI=0x0000000100089408 is pointing into metadata
R8 =0x00000000000002d6 is an unknown value
R9 =0x00000000000002d5 is an unknown value
R10=0x0000000080001b03 is an unknown value
R11=0x0000000000000646 is an unknown value
R12=0x0000000000000000 is an unknown value
R13=0x00000000c1163970 is an oop
java.lang.String 
 - klass: 'java/lang/String'
R14=0x0000000011a10000 is an unknown value
R15=0x0000000016d64000 is a thread


Stack: [0x000000001a020000,0x000000001a120000],  sp=0x000000001a11e920,  free space=1018k
Native frames: (J=compiled Java code, j=interpreted, Vv=VM code, C=native code)
C  0x0000000002f0d9d5


---------------  P R O C E S S  ---------------

Java Threads: ( => current thread )
=>0x0000000016d64000 JavaThread "pool-1-thread-1" [_thread_in_Java, id=3888, stack(0x000000001a020000,0x000000001a120000)]
  0x0000000016bd4800 JavaThread "Service Thread" daemon [_thread_blocked, id=5416, stack(0x0000000016fc0000,0x00000000170c0000)]
  0x0000000015342800 JavaThread "C1 CompilerThread2" daemon [_thread_blocked, id=7228, stack(0x0000000016ac0000,0x0000000016bc0000)]
  0x0000000015340000 JavaThread "C2 CompilerThread1" daemon [_thread_in_native, id=8044, stack(0x00000000169c0000,0x0000000016ac0000)]
  0x000000001533d000 JavaThread "C2 CompilerThread0" daemon [_thread_in_native, id=7992, stack(0x00000000168c0000,0x00000000169c0000)]
  0x000000001533b800 JavaThread "Attach Listener" daemon [_thread_blocked, id=4292, stack(0x00000000167c0000,0x00000000168c0000)]
  0x000000001533a000 JavaThread "Signal Dispatcher" daemon [_thread_blocked, id=6880, stack(0x00000000166c0000,0x00000000167c0000)]
  0x0000000002c38000 JavaThread "Finalizer" daemon [_thread_blocked, id=5788, stack(0x00000000165b0000,0x00000000166b0000)]
  0x0000000002c2f000 JavaThread "Reference Handler" daemon [_thread_blocked, id=2972, stack(0x00000000164b0000,0x00000000165b0000)]
  0x0000000002b1e000 JavaThread "main" [_thread_blocked, id=7268, stack(0x0000000002a10000,0x0000000002b10000)]

Other Threads:
  0x0000000015306800 VMThread [stack: 0x00000000163b0000,0x00000000164b0000] [id=5820]
  0x0000000016bf2800 WatcherThread [stack: 0x00000000170c0000,0x00000000171c0000] [id=5468]

VM state:not at safepoint (normal execution)

VM Mutex/Monitor currently owned by a thread: None

Heap:
 PSYoungGen      total 226816K, used 193276K [0x00000000eab00000, 0x0000000100000000, 0x0000000100000000)
  eden space 136704K, 83% used [0x00000000eab00000,0x00000000f19d0d70,0x00000000f3080000)
  from space 90112K, 88% used [0x00000000f9380000,0x00000000fe16e5a0,0x00000000feb80000)
  to   space 101376K, 0% used [0x00000000f3080000,0x00000000f3080000,0x00000000f9380000)
 ParOldGen       total 128000K, used 104386K [0x00000000c0000000, 0x00000000c7d00000, 0x00000000eab00000)
  object space 128000K, 81% used [0x00000000c0000000,0x00000000c65f0a38,0x00000000c7d00000)
 Metaspace       used 6306K, capacity 7216K, committed 7296K, reserved 1056768K
  class space    used 596K, capacity 616K, committed 640K, reserved 1048576K

Card table byte_map: [0x0000000012010000,0x0000000012220000] byte_map_base: 0x0000000011a10000

Marking Bits: (ParMarkBitMap*) 0x0000000073dcb460
 Begin Bits: [0x0000000012780000, 0x0000000013780000)
 End Bits:   [0x0000000013780000, 0x0000000014780000)

Polling page: 0x0000000002b20000

CodeCache: size=245760Kb used=7547Kb max_used=9564Kb free=238212Kb
 bounds [0x0000000002c50000, 0x00000000035c0000, 0x0000000011c50000]
 total_blobs=2078 nmethods=1813 adapters=178
 compilation: enabled

Compilation events (10 events):
Event: 9.815 Thread 0x000000001533d000 nmethod 2255 0x0000000002fb4910 code [0x0000000002fb4a60, 0x0000000002fb4c78]
Event: 9.815 Thread 0x000000001533d000 2248       4       java.util.AbstractSet::<init> (5 bytes)
Event: 9.816 Thread 0x000000001533d000 nmethod 2248 0x0000000002d5da50 code [0x0000000002d5db80, 0x0000000002d5dbd8]
Event: 9.816 Thread 0x000000001533d000 1648       4       com.android.dx.cf.code.ExecutionStack::pop (54 bytes)
Event: 9.821 Thread 0x000000001533d000 nmethod 1648 0x0000000002de3250 code [0x0000000002de33a0, 0x0000000002de35a8]
Event: 9.821 Thread 0x000000001533d000 2262       4       java.util.HashSet::add (20 bytes)
Event: 9.824 Thread 0x000000001533d000 nmethod 2262 0x0000000002d5f050 code [0x0000000002d5f1a0, 0x0000000002d5f2e8]
Event: 9.824 Thread 0x000000001533d000 2260       4       com.android.dx.dex.code.OutputFinisher::addConstants (93 bytes)
Event: 9.835 Thread 0x0000000015342800 2263       2       java.util.HashMap::putVal (300 bytes)
Event: 9.838 Thread 0x0000000015342800 nmethod 2263 0x00000000030a4e90 code [0x00000000030a50a0, 0x00000000030a57b8]

GC Heap History (10 events):
Event: 6.121 GC heap before
{Heap before GC invocations=12 (full 2):
 PSYoungGen      total 142336K, used 138662K [0x00000000eab00000, 0x00000000f7100000, 0x0000000100000000)
  eden space 108032K, 100% used [0x00000000eab00000,0x00000000f1480000,0x00000000f1480000)
  from space 34304K, 89% used [0x00000000f1480000,0x00000000f3269870,0x00000000f3600000)
  to   space 38400K, 0% used [0x00000000f4b80000,0x00000000f4b80000,0x00000000f7100000)
 ParOldGen       total 128000K, used 63272K [0x00000000c0000000, 0x00000000c7d00000, 0x00000000eab00000)
  object space 128000K, 49% used [0x00000000c0000000,0x00000000c3dca2f0,0x00000000c7d00000)
 Metaspace       used 6194K, capacity 7152K, committed 7296K, reserved 1056768K
  class space    used 589K, capacity 616K, committed 640K, reserved 1048576K
Event: 6.219 GC heap after
Heap after GC invocations=12 (full 2):
 PSYoungGen      total 147968K, used 38393K [0x00000000eab00000, 0x00000000f9400000, 0x0000000100000000)
  eden space 109568K, 0% used [0x00000000eab00000,0x00000000eab00000,0x00000000f1600000)
  from space 38400K, 99% used [0x00000000f4b80000,0x00000000f70fe6b0,0x00000000f7100000)
  to   space 54784K, 0% used [0x00000000f1600000,0x00000000f1600000,0x00000000f4b80000)
 ParOldGen       total 128000K, used 91016K [0x00000000c0000000, 0x00000000c7d00000, 0x00000000eab00000)
  object space 128000K, 71% used [0x00000000c0000000,0x00000000c58e20c0,0x00000000c7d00000)
 Metaspace       used 6194K, capacity 7152K, committed 7296K, reserved 1056768K
  class space    used 589K, capacity 616K, committed 640K, reserved 1048576K
}
Event: 6.774 GC heap before
{Heap before GC invocations=13 (full 2):
 PSYoungGen      total 147968K, used 147961K [0x00000000eab00000, 0x00000000f9400000, 0x0000000100000000)
  eden space 109568K, 100% used [0x00000000eab00000,0x00000000f1600000,0x00000000f1600000)
  from space 38400K, 99% used [0x00000000f4b80000,0x00000000f70fe6b0,0x00000000f7100000)
  to   space 54784K, 0% used [0x00000000f1600000,0x00000000f1600000,0x00000000f4b80000)
 ParOldGen       total 128000K, used 91016K [0x00000000c0000000, 0x00000000c7d00000, 0x00000000eab00000)
  object space 128000K, 71% used [0x00000000c0000000,0x00000000c58e20c0,0x00000000c7d00000)
 Metaspace       used 6197K, capacity 7152K, committed 7296K, reserved 1056768K
  class space    used 589K, capacity 616K, committed 640K, reserved 1048576K
Event: 6.865 GC heap after
Heap after GC invocations=13 (full 2):
 PSYoungGen      total 164352K, used 54598K [0x00000000eab00000, 0x00000000fa980000, 0x0000000100000000)
  eden space 109568K, 0% used [0x00000000eab00000,0x00000000eab00000,0x00000000f1600000)
  from space 54784K, 99% used [0x00000000f1600000,0x00000000f4b51b60,0x00000000f4b80000)
  to   space 64000K, 0% used [0x00000000f6b00000,0x00000000f6b00000,0x00000000fa980000)
 ParOldGen       total 128000K, used 91056K [0x00000000c0000000, 0x00000000c7d00000, 0x00000000eab00000)
  object space 128000K, 71% used [0x00000000c0000000,0x00000000c58ec0c0,0x00000000c7d00000)
 Metaspace       used 6197K, capacity 7152K, committed 7296K, reserved 1056768K
  class space    used 589K, capacity 616K, committed 640K, reserved 1048576K
}
Event: 7.504 GC heap before
{Heap before GC invocations=14 (full 2):
 PSYoungGen      total 164352K, used 164166K [0x00000000eab00000, 0x00000000fa980000, 0x0000000100000000)
  eden space 109568K, 100% used [0x00000000eab00000,0x00000000f1600000,0x00000000f1600000)
  from space 54784K, 99% used [0x00000000f1600000,0x00000000f4b51b60,0x00000000f4b80000)
  to   space 64000K, 0% used [0x00000000f6b00000,0x00000000f6b00000,0x00000000fa980000)
 ParOldGen       total 128000K, used 91056K [0x00000000c0000000, 0x00000000c7d00000, 0x00000000eab00000)
  object space 128000K, 71% used [0x00000000c0000000,0x00000000c58ec0c0,0x00000000c7d00000)
 Metaspace       used 6201K, capacity 7152K, committed 7296K, reserved 1056768K
  class space    used 589K, capacity 616K, committed 640K, reserved 1048576K
Event: 7.635 GC heap after
Heap after GC invocations=14 (full 2):
 PSYoungGen      total 182272K, used 63990K [0x00000000eab00000, 0x00000000fc780000, 0x0000000100000000)
  eden space 118272K, 0% used [0x00000000eab00000,0x00000000eab00000,0x00000000f1e80000)
  from space 64000K, 99% used [0x00000000f6b00000,0x00000000fa97da08,0x00000000fa980000)
  to   space 78336K, 0% used [0x00000000f1e80000,0x00000000f1e80000,0x00000000f6b00000)
 ParOldGen       total 128000K, used 101516K [0x00000000c0000000, 0x00000000c7d00000, 0x00000000eab00000)
  object space 128000K, 79% used [0x00000000c0000000,0x00000000c6323318,0x00000000c7d00000)
 Metaspace       used 6201K, capacity 7152K, committed 7296K, reserved 1056768K
  class space    used 589K, capacity 616K, committed 640K, reserved 1048576K
}
Event: 8.267 GC heap before
{Heap before GC invocations=15 (full 2):
 PSYoungGen      total 182272K, used 182262K [0x00000000eab00000, 0x00000000fc780000, 0x0000000100000000)
  eden space 118272K, 100% used [0x00000000eab00000,0x00000000f1e80000,0x00000000f1e80000)
  from space 64000K, 99% used [0x00000000f6b00000,0x00000000fa97da08,0x00000000fa980000)
  to   space 78336K, 0% used [0x00000000f1e80000,0x00000000f1e80000,0x00000000f6b00000)
 ParOldGen       total 128000K, used 101516K [0x00000000c0000000, 0x00000000c7d00000, 0x00000000eab00000)
  object space 128000K, 79% used [0x00000000c0000000,0x00000000c6323318,0x00000000c7d00000)
 Metaspace       used 6201K, capacity 7152K, committed 7296K, reserved 1056768K
  class space    used 589K, capacity 616K, committed 640K, reserved 1048576K
Event: 8.425 GC heap after
Heap after GC invocations=15 (full 2):
 PSYoungGen      total 196608K, used 74167K [0x00000000eab00000, 0x00000000feb80000, 0x0000000100000000)
  eden space 118272K, 0% used [0x00000000eab00000,0x00000000eab00000,0x00000000f1e80000)
  from space 78336K, 94% used [0x00000000f1e80000,0x00000000f66edc10,0x00000000f6b00000)
  to   space 90112K, 0% used [0x00000000f9380000,0x00000000f9380000,0x00000000feb80000)
 ParOldGen       total 128000K, used 104378K [0x00000000c0000000, 0x00000000c7d00000, 0x00000000eab00000)
  object space 128000K, 81% used [0x00000000c0000000,0x00000000c65eea38,0x00000000c7d00000)
 Metaspace       used 6201K, capacity 7152K, committed 7296K, reserved 1056768K
  class space    used 589K, capacity 616K, committed 640K, reserved 1048576K
}
Event: 8.947 GC heap before
{Heap before GC invocations=16 (full 2):
 PSYoungGen      total 196608K, used 192439K [0x00000000eab00000, 0x00000000feb80000, 0x0000000100000000)
  eden space 118272K, 100% used [0x00000000eab00000,0x00000000f1e80000,0x00000000f1e80000)
  from space 78336K, 94% used [0x00000000f1e80000,0x00000000f66edc10,0x00000000f6b00000)
  to   space 90112K, 0% used [0x00000000f9380000,0x00000000f9380000,0x00000000feb80000)
 ParOldGen       total 128000K, used 104378K [0x00000000c0000000, 0x00000000c7d00000, 0x00000000eab00000)
  object space 128000K, 81% used [0x00000000c0000000,0x00000000c65eea38,0x00000000c7d00000)
 Metaspace       used 6225K, capacity 7152K, committed 7296K, reserved 1056768K
  class space    used 591K, capacity 616K, committed 640K, reserved 1048576K
Event: 9.127 GC heap after
Heap after GC invocations=16 (full 2):
 PSYoungGen      total 226816K, used 79801K [0x00000000eab00000, 0x0000000100000000, 0x0000000100000000)
  eden space 136704K, 0% used [0x00000000eab00000,0x00000000eab00000,0x00000000f3080000)
  from space 90112K, 88% used [0x00000000f9380000,0x00000000fe16e5a0,0x00000000feb80000)
  to   space 101376K, 0% used [0x00000000f3080000,0x00000000f3080000,0x00000000f9380000)
 ParOldGen       total 128000K, used 104386K [0x00000000c0000000, 0x00000000c7d00000, 0x00000000eab00000)
  object space 128000K, 81% used [0x00000000c0000000,0x00000000c65f0a38,0x00000000c7d00000)
 Metaspace       used 6225K, capacity 7152K, committed 7296K, reserved 1056768K
  class space    used 591K, capacity 616K, committed 640K, reserved 1048576K
}

Deoptimization events (10 events):
Event: 9.681 Thread 0x0000000016d64000 Uncommon trap: reason=bimorphic action=maybe_recompile pc=0x0000000002e6b658 method=java.util.HashMap.getNode(ILjava/lang/Object;)Ljava/util/HashMap$Node; @ 126
Event: 9.681 Thread 0x0000000016d64000 Uncommon trap: reason=bimorphic action=maybe_recompile pc=0x0000000002e6b658 method=java.util.HashMap.getNode(ILjava/lang/Object;)Ljava/util/HashMap$Node; @ 126
Event: 9.686 Thread 0x0000000016d64000 Uncommon trap: reason=bimorphic action=maybe_recompile pc=0x0000000002e6b658 method=java.util.HashMap.getNode(ILjava/lang/Object;)Ljava/util/HashMap$Node; @ 126
Event: 9.686 Thread 0x0000000016d64000 Uncommon trap: reason=bimorphic action=maybe_recompile pc=0x0000000002e35dc8 method=java.util.HashMap.getNode(ILjava/lang/Object;)Ljava/util/HashMap$Node; @ 126
Event: 9.738 Thread 0x0000000016d64000 Uncommon trap: reason=class_check action=maybe_recompile pc=0x0000000002ffc334 method=java.util.HashMap.putVal(ILjava/lang/Object;Ljava/lang/Object;ZZ)Ljava/lang/Object; @ 203
Event: 9.739 Thread 0x0000000016d64000 Uncommon trap: reason=class_check action=maybe_recompile pc=0x0000000002ffc334 method=java.util.HashMap.putVal(ILjava/lang/Object;Ljava/lang/Object;ZZ)Ljava/lang/Object; @ 203
Event: 9.753 Thread 0x0000000016d64000 Uncommon trap: reason=class_check action=maybe_recompile pc=0x0000000002ffc334 method=java.util.HashMap.putVal(ILjava/lang/Object;Ljava/lang/Object;ZZ)Ljava/lang/Object; @ 203
Event: 9.753 Thread 0x0000000016d64000 Uncommon trap: reason=class_check action=maybe_recompile pc=0x0000000002ffc334 method=java.util.HashMap.putVal(ILjava/lang/Object;Ljava/lang/Object;ZZ)Ljava/lang/Object; @ 203
Event: 9.828 Thread 0x0000000016d64000 Uncommon trap: reason=bimorphic action=maybe_recompile pc=0x0000000002ecfc4c method=java.util.HashMap.putVal(ILjava/lang/Object;Ljava/lang/Object;ZZ)Ljava/lang/Object; @ 203
Event: 9.834 Thread 0x0000000016d64000 Uncommon trap: reason=bimorphic action=maybe_recompile pc=0x0000000002ecfc4c method=java.util.HashMap.putVal(ILjava/lang/Object;Ljava/lang/Object;ZZ)Ljava/lang/Object; @ 203

Internal exceptions (10 events):
Event: 2.353 Thread 0x0000000002b1e000 Exception <a 'java/security/PrivilegedActionException'> (0x00000000ec31b3a8) thrown at [D:\re\workspace\8-2-build-windows-amd64-cygwin\jdk8u20\1074\hotspot\src\share\vm\prims\jvm.cpp, line 1275]
Event: 2.568 Thread 0x0000000016df5800 Exception <a 'java/security/PrivilegedActionException'> (0x00000000ed7d3690) thrown at [D:\re\workspace\8-2-build-windows-amd64-cygwin\jdk8u20\1074\hotspot\src\share\vm\prims\jvm.cpp, line 1275]
Event: 4.769 Thread 0x0000000016df4800 Exception <a 'java/security/PrivilegedActionException'> (0x00000000eaf56150) thrown at [D:\re\workspace\8-2-build-windows-amd64-cygwin\jdk8u20\1074\hotspot\src\share\vm\prims\jvm.cpp, line 1275]
Event: 4.821 Thread 0x0000000016df4800 Exception <a 'java/security/PrivilegedActionException'> (0x00000000eb551d80) thrown at [D:\re\workspace\8-2-build-windows-amd64-cygwin\jdk8u20\1074\hotspot\src\share\vm\prims\jvm.cpp, line 1275]
Event: 4.947 Thread 0x0000000016df5800 Exception <a 'java/security/PrivilegedActionException'> (0x00000000ec515368) thrown at [D:\re\workspace\8-2-build-windows-amd64-cygwin\jdk8u20\1074\hotspot\src\share\vm\prims\jvm.cpp, line 1275]
Event: 5.346 Thread 0x0000000016d91000 Implicit null exception at 0x00000000034282f9 to 0x000000000342a625
Event: 7.856 Thread 0x0000000016d61000 Implicit null exception at 0x0000000003299eda to 0x0000000003299fcf
Event: 9.646 Thread 0x0000000002b1e000 Exception <a 'java/security/PrivilegedActionException'> (0x00000000f17ca948) thrown at [D:\re\workspace\8-2-build-windows-amd64-cygwin\jdk8u20\1074\hotspot\src\share\vm\prims\jvm.cpp, line 1275]
Event: 9.652 Thread 0x0000000016d64000 Exception <a 'java/security/PrivilegedActionException'> (0x00000000f1848f00) thrown at [D:\re\workspace\8-2-build-windows-amd64-cygwin\jdk8u20\1074\hotspot\src\share\vm\prims\jvm.cpp, line 1275]
Event: 9.757 Thread 0x0000000016d64000 Exception <a 'java/security/PrivilegedActionException'> (0x00000000f18f0288) thrown at [D:\re\workspace\8-2-build-windows-amd64-cygwin\jdk8u20\1074\hotspot\src\share\vm\prims\jvm.cpp, line 1275]

Events (10 events):
Event: 9.757 loading class com/android/dx/dex/file/CatchStructs
Event: 9.757 loading class com/android/dx/dex/file/CatchStructs done
Event: 9.762 Thread 0x0000000016d64000 DEOPT PACKING pc=0x0000000002e364c4 sp=0x000000001a11e950
Event: 9.762 Thread 0x0000000016d64000 DEOPT UNPACKING pc=0x0000000002c975bf sp=0x000000001a11e6a0 mode 0
Event: 9.828 Thread 0x0000000016d64000 Uncommon trap: trap_request=0xffffffc6 fr.pc=0x0000000002ecfc4c
Event: 9.828 Thread 0x0000000016d64000 DEOPT PACKING pc=0x0000000002ecfc4c sp=0x000000001a11e7d0
Event: 9.828 Thread 0x0000000016d64000 DEOPT UNPACKING pc=0x0000000002c9556a sp=0x000000001a11e748 mode 2
Event: 9.834 Thread 0x0000000016d64000 Uncommon trap: trap_request=0xffffffc6 fr.pc=0x0000000002ecfc4c
Event: 9.834 Thread 0x0000000016d64000 DEOPT PACKING pc=0x0000000002ecfc4c sp=0x000000001a11e7d0
Event: 9.835 Thread 0x0000000016d64000 DEOPT UNPACKING pc=0x0000000002c9556a sp=0x000000001a11e748 mode 2


Dynamic libraries:
0x00007ff6a29b0000 - 0x00007ff6a29e4000 	C:\Program Files\Java\jdk1.8.0_20\bin\java.exe
0x00007ffcf5f10000 - 0x00007ffcf60d1000 	C:\WINDOWS\SYSTEM32\ntdll.dll
0x00007ffcf5790000 - 0x00007ffcf583d000 	C:\WINDOWS\system32\KERNEL32.DLL
0x00007ffcf2dd0000 - 0x00007ffcf2fb8000 	C:\WINDOWS\system32\KERNELBASE.dll
0x00007ffcf5ad0000 - 0x00007ffcf5b77000 	C:\WINDOWS\system32\ADVAPI32.dll
0x00007ffcf3330000 - 0x00007ffcf33cd000 	C:\WINDOWS\system32\msvcrt.dll
0x00007ffcf5a10000 - 0x00007ffcf5a6b000 	C:\WINDOWS\system32\sechost.dll
0x00007ffcf36f0000 - 0x00007ffcf380c000 	C:\WINDOWS\system32\RPCRT4.dll
0x00007ffcf5840000 - 0x00007ffcf5996000 	C:\WINDOWS\system32\USER32.dll
0x00007ffcf5c50000 - 0x00007ffcf5dd6000 	C:\WINDOWS\system32\GDI32.dll
0x00007ffcdfcc0000 - 0x00007ffcdff34000 	C:\WINDOWS\WinSxS\amd64_microsoft.windows.common-controls_6595b64144ccf1df_6.0.10586.672_none_a2d6b3cea53ff843\COMCTL32.dll
0x00007ffcf4f20000 - 0x00007ffcf519d000 	C:\WINDOWS\system32\combase.dll
0x00007ffcf2650000 - 0x00007ffcf26ba000 	C:\WINDOWS\system32\bcryptPrimitives.dll
0x00007ffcf5eb0000 - 0x00007ffcf5eeb000 	C:\WINDOWS\system32\IMM32.DLL
0x0000000074010000 - 0x00000000740e2000 	C:\Program Files\Java\jdk1.8.0_20\jre\bin\msvcr100.dll
0x00000000735f0000 - 0x0000000073e48000 	C:\Program Files\Java\jdk1.8.0_20\jre\bin\server\jvm.dll
0x00007ffcf5f00000 - 0x00007ffcf5f08000 	C:\WINDOWS\system32\PSAPI.DLL
0x00007ffce7b10000 - 0x00007ffce7b19000 	C:\WINDOWS\SYSTEM32\WSOCK32.dll
0x00007ffcef450000 - 0x00007ffcef473000 	C:\WINDOWS\SYSTEM32\WINMM.dll
0x00007ffcf59a0000 - 0x00007ffcf5a0b000 	C:\WINDOWS\system32\WS2_32.dll
0x00007ffcef240000 - 0x00007ffcef26c000 	C:\WINDOWS\SYSTEM32\WINMMBASE.dll
0x00007ffcf3240000 - 0x00007ffcf3283000 	C:\WINDOWS\system32\cfgmgr32.dll
0x0000000074000000 - 0x000000007400f000 	C:\Program Files\Java\jdk1.8.0_20\jre\bin\verify.dll
0x0000000073fd0000 - 0x0000000073ff8000 	C:\Program Files\Java\jdk1.8.0_20\jre\bin\java.dll
0x0000000073fb0000 - 0x0000000073fc6000 	C:\Program Files\Java\jdk1.8.0_20\jre\bin\zip.dll
0x00007ffcf3810000 - 0x00007ffcf4d6c000 	C:\WINDOWS\system32\SHELL32.dll
0x00007ffcf26c0000 - 0x00007ffcf2d05000 	C:\WINDOWS\system32\windows.storage.dll
0x00007ffcf5a70000 - 0x00007ffcf5ac2000 	C:\WINDOWS\system32\shlwapi.dll
0x00007ffcf25a0000 - 0x00007ffcf25af000 	C:\WINDOWS\system32\kernel.appcore.dll
0x00007ffcf2d10000 - 0x00007ffcf2dc5000 	C:\WINDOWS\system32\shcore.dll
0x00007ffcf2530000 - 0x00007ffcf257b000 	C:\WINDOWS\system32\powrprof.dll
0x00007ffcf2580000 - 0x00007ffcf2594000 	C:\WINDOWS\system32\profapi.dll
0x00007ffcf1ef0000 - 0x00007ffcf207c000 	C:\WINDOWS\SYSTEM32\dbghelp.dll

VM Arguments:
jvm_args: -Djava.awt.headless=true -Xmx1024M -Dfile.encoding=windows-1252 -Duser.country=IN -Duser.language=en -Duser.variant 
java_command: com.android.dx.command.Main --dex --force-jumbo --num-threads=4 --multi-dex --output C:\Users\Shivangi Kanchan\Downloads\minor\minor\navigation\app\build\intermediates\transforms\dex\debug\folders\1000\5\slice_6 C:\Users\Shivangi Kanchan\Downloads\minor\minor\navigation\app\build\intermediates\transforms\instantRunSlicer\debug\folders\1\5\slice_6
java_class_path (initial): C:\android\sdk1\build-tools\24.0.1\lib\dx.jar
Launcher Type: SUN_STANDARD

Environment Variables:
JAVA_HOME=C:\Program Files\Java\jdk1.8.0_20
PATH=C:\ProgramData\Oracle\Java\javapath;C:\Program Files (x86)\Intel\iCLS Client\;C:\Program Files\Intel\iCLS Client\;C:\Program Files (x86)\AMD APP\bin\x86_64;C:\Program Files (x86)\AMD APP\bin\x86;C:\WINDOWS\system32;C:\WINDOWS;C:\WINDOWS\System32\Wbem;C:\WINDOWS\System32\WindowsPowerShell\v1.0\;C:\Program Files (x86)\ATI Technologies\ATI.ACE\Core-Static;C:\Program Files\Intel\Intel(R) Management Engine Components\DAL;C:\Program Files\Intel\Intel(R) Management Engine Components\IPT;C:\Program Files (x86)\Intel\Intel(R) Management Engine Components\DAL;C:\Program Files (x86)\Intel\Intel(R) Management Engine Components\IPT;C:\Program Files\Sony\VAIO Improvement\;C:\Program Files (x86)\Sony\VAIO Startup Setting Tool;C:\Program Files (x86)\MATLAB\R2007b\bin;C:\Program Files (x86)\MATLAB\R2007b\bin\win32;C:\Program Files (x86)\GtkSharp\2.12\bin;C:\Program Files\Java\jdk1.8.0_31\bin
USERNAME=Shivangi Kanchan
OS=Windows_NT
PROCESSOR_IDENTIFIER=Intel64 Family 6 Model 58 Stepping 9, GenuineIntel



---------------  S Y S T E M  ---------------

OS: Windows 8.1 , 64 bit Build 9600 

CPU:total 4 (2 cores per cpu, 2 threads per core) family 6 model 58 stepping 9, cmov, cx8, fxsr, mmx, sse, sse2, sse3, ssse3, sse4.1, sse4.2, popcnt, avx, clmul, erms, ht, tsc, tscinvbit, tscinv

Memory: 4k page, physical 4140316k(677780k free), swap 6455292k(1377696k free)

vm_info: Java HotSpot(TM) 64-Bit Server VM (25.20-b23) for windows-amd64 JRE (1.8.0_20-b26), built on Jul 30 2014 13:51:23 by "java_re" with MS VC++ 10.0 (VS2010)

time: Mon Nov 28 11:54:33 2016
elapsed time: 9 seconds (0d 0h 0m 9s)

